#
# A fatal error has been detected by the Java Runtime Environment:
#
#  EXCEPTION_ACCESS_VIOLATION (0xc0000005) at pc=0x000001e6af82ada4, pid=16932, tid=25640
#
# JRE version: OpenJDK Runtime Environment Microsoft-8905927 (21.0.2+13) (build 21.0.2+13-LTS)
# Java VM: OpenJDK 64-Bit Server VM Microsoft-8905927 (21.0.2+13-LTS, mixed mode, emulated-client, sharing, tiered, compressed oops, compressed class ptrs, g1 gc, windows-amd64)
# Problematic frame:
# v  ~BufferBlob::MethodHandles adapters 0x000001e6af82ada4
#
# No core dump will be written. Minidumps are not enabled by default on client versions of Windows
#
# If you would like to submit a bug report, please visit:
#   https://github.com/microsoft/openjdk/issues
#

---------------  S U M M A R Y ------------

Command Line: -agentlib:jdwp=transport=dt_socket,address=127.0.0.1:55828,suspend=y,server=n -XX:TieredStopAtLevel=1 -Dspring.output.ansi.enabled=always -Dcom.sun.management.jmxremote -Dspring.jmx.enabled=true -Dspring.liveBeansView.mbeanDomain -Dspring.application.admin.enabled=true -Dmanagement.endpoints.jmx.exposure.include=* -javaagent:C:\Users\DucNam\AppData\Local\JetBrains\IntelliJIdea2024.2\captureAgent\debugger-agent.jar=file:/C:/Users/DucNam/AppData/Local/Temp/capture.props -Dkotlinx.coroutines.debug.enable.creation.stack.trace=false -Ddebugger.agent.enable.coroutines=true -Dfile.encoding=UTF-8 -Dsun.stdout.encoding=UTF-8 -Dsun.stderr.encoding=UTF-8 com.myshop.adminpage.MyShopAdminApplication

Host: 11th Gen Intel(R) Core(TM) i5-11400H @ 2.70GHz, 12 cores, 15G,  Windows 10 , 64 bit Build 19041 (10.0.19041.4957)
Time: Thu Oct 17 15:07:01 2024 SE Asia Standard Time elapsed time: 146.679341 seconds (0d 0h 2m 26s)

---------------  T H R E A D  ---------------

Current thread (0x000001e684649120):  JavaThread "http-nio-8085-exec-5" daemon [_thread_in_Java, id=25640, stack(0x0000007913700000,0x0000007913800000) (1024K)]

Stack: [0x0000007913700000,0x0000007913800000],  sp=0x00000079137fd898,  free space=1014k
Native frames: (J=compiled Java code, j=interpreted, Vv=VM code, C=native code)
C  0x000001e6af82ada4

The last pc belongs to _linkToVirtual (printed below).

siginfo: EXCEPTION_ACCESS_VIOLATION (0xc0000005), reading address 0x000001eec20abe6e


Registers:
RAX=0x000001e6af7f958b, RBX=0x0000000709b97e28, RCX=0x00000079137fd8b0, RDX=0x0000000000000004
RSP=0x00000079137fd898, RBP=0x00000079137fd8f8, RSI=0x000001e68491fcd8, RDI=0x000001e6843e0de0
R8 =0x0000000000000004, R9 =0x0000000000000004, R10=0x000001e7b8518276, R11=0x00000000e1372746
R12=0x0000000000000000, R13=0x00000079137fd898, R14=0x00000079137fd928, R15=0x000001e684649120
RIP=0x000001e6af82ada4, EFLAGS=0x0000000000010202


Register to memory mapping:

RAX=0x000001e6af7f958b is at code_begin+4363 in an Interpreter codelet
return entry points  [0x000001e6af7f8480, 0x000001e6af7fa298]  7704 bytes
RBX=0x0000000709b97e28 is an oop: org.springframework.web.multipart.support.StandardMultipartHttpServletRequest$StandardMultipartFile 
{0x0000000709b97e28} - klass: 'org/springframework/web/multipart/support/StandardMultipartHttpServletRequest$StandardMultipartFile'
 - ---- fields (total size 3 words):
 - private final 'part' 'Ljakarta/servlet/http/Part;' @12  a 'org/apache/catalina/core/ApplicationPart'{0x0000000709b7fbe8} (0xe136ff7d)
 - private final 'filename' 'Ljava/lang/String;' @16  "phone_0.jpg"{0x0000000709b93a30} (0xe1372746)
RCX=0x00000079137fd8b0 is pointing into the stack for thread: 0x000001e684649120
RDX=0x0000000000000004 is an unknown value
RSP=0x00000079137fd898 is pointing into the stack for thread: 0x000001e684649120
RBP=0x00000079137fd8f8 is pointing into the stack for thread: 0x000001e684649120
RSI=0x000001e68491fcd8 points into unknown readable memory: 0x8000371996603cea | ea 3c 60 96 19 37 00 80
RDI=0x000001e6843e0de0 points into unknown readable memory: 0x0000002800000080 | 80 00 00 00 28 00 00 00
R8 =0x0000000000000004 is an unknown value
R9 =0x0000000000000004 is an unknown value
R10=0x000001e7b8518276 is an unknown value
R11=3778488134 is a compressed pointer to object: java.lang.String 
{0x0000000709b93a30} - klass: 'java/lang/String'
 - string: "phone_0.jpg"
 - ---- fields (total size 3 words):
 - private 'hash' 'I' @12  0 (0x00000000)
 - private final 'coder' 'B' @16  0 (0x00)
 - private 'hashIsZero' 'Z' @17  false (0x00)
 - injected 'flags' 'B' @18  0 (0x00)
 - private final 'value' '[B' @20  [B{0x0000000709b93a48} (0xe1372749)
R12=0x0 is null
R13=0x00000079137fd898 is pointing into the stack for thread: 0x000001e684649120
R14=0x00000079137fd928 is pointing into the stack for thread: 0x000001e684649120
R15=0x000001e684649120 is a thread

Top of Stack: (sp=0x00000079137fd898)
0x00000079137fd898:   000001e6af7f958b 0000000709b9e6b0
0x00000079137fd8a8:   0000000706974208 00000079137fd8b0
0x00000079137fd8b8:   000001e6fd518276 0000000000000006
0x00000079137fd8c8:   000001e6fd5183c8 00000079137fd998
0x00000079137fd8d8:   0000000704601148 000001e6fd518288
0x00000079137fd8e8:   00000079137fd898 00000079137fd930
0x00000079137fd8f8:   00000079137fd998 000001e6af7f958b
0x00000079137fd908:   0000000709bbd1b8 0000000709b97e28
0x00000079137fd918:   0000000709b9e6b0 0000000706974208
0x00000079137fd928:   0000000709bbd338 0000000709b97e28
0x00000079137fd938:   0000000709b9e6b0 0000000706974208
0x00000079137fd948:   0000000709bbd338 00000079137fd950
0x00000079137fd958:   000001e6857c0b01 000000000000000c
0x00000079137fd968:   000001e6857c0c50 0000000000000000
0x00000079137fd978:   000000070607c4a8 000001e6857c0b10
0x00000079137fd988:   00000079137fd930 00000079137fda00
0x00000079137fd998:   00000079137fdcb0 000001e6b02dee2a
0x00000079137fd9a8:   0000000709bbd338 0000000709b9e6b0
0x00000079137fd9b8:   0000000709bbd538 0000000709b97e28
0x00000079137fd9c8:   0000000709bbd638 0000000706974208
0x00000079137fd9d8:   0000000709bbd740 0000000709b97e28
0x00000079137fd9e8:   0000000709b9e6b0 0000000706974208
0x00000079137fd9f8:   0000000709bbd790 000001e600000000
0x00000079137fda08:   0000000705d371e8 000000070549d8a8
0x00000079137fda18:   0000000709bbd7c0 0000000709bbd790
0x00000079137fda28:   0000007900000001 000000070549d8a8
0x00000079137fda38:   0000000706129070 0000000706527320
0x00000079137fda48:   0000000000000000 00000079137fdcb0
0x00000079137fda58:   000001e6afc3a46c 00000100ffffffff
0x00000079137fda68:   000001e6a4ef0000 00000079137fdcb0
0x00000079137fda78:   000001e6b0650af4 0000000000000000
0x00000079137fda88:   0000000000000000 0000000000000000 

Instructions: (pc=0x000001e6af82ada4)
0x000001e6af82aca4:   e6 01 00 00 00 ad 82 af e6 01 00 00 80 bd 82 af
0x000001e6af82acb4:   e6 01 00 00 f0 ac 82 af e6 01 00 00 f0 ac 82 af
0x000001e6af82acc4:   e6 01 00 00 00 00 00 00 00 00 00 00 78 08 6f 86
0x000001e6af82acd4:   fd 7f 00 00 f0 10 00 00 60 00 00 00 ff ff ff ff
0x000001e6af82ace4:   f0 10 00 00 00 00 00 00 00 00 00 00 00 00 00 00
0x000001e6af82acf4:   00 00 00 00 00 00 00 00 00 00 00 00 f4 66 66 66
0x000001e6af82ad04:   0f 1f 84 00 00 00 00 00 66 66 66 90 66 66 66 0f
0x000001e6af82ad14:   1f 84 00 00 00 00 00 66 66 66 90 90 48 8b 53 08
0x000001e6af82ad24:   0f b7 52 2e 48 8b 0c d4 8b 59 14 48 c1 e3 03 8b
0x000001e6af82ad34:   5b 28 48 c1 e3 03 8b 5b 24 48 c1 e3 03 48 8b 5b
0x000001e6af82ad44:   10 48 85 db 0f 84 10 00 00 00 41 80 bf e0 05 00
0x000001e6af82ad54:   00 00 74 03 ff 63 38 ff 63 50 e9 9d 16 00 00 66
0x000001e6af82ad64:   66 66 0f 1f 84 00 00 00 00 00 66 66 66 90 66 66
0x000001e6af82ad74:   0f 1f 84 00 00 00 00 00 66 66 66 90 48 8b 53 08
0x000001e6af82ad84:   0f b7 52 2e 48 8b 0c d4 58 5b 50 44 8b 51 08 49
0x000001e6af82ad94:   bb 00 00 00 bb e6 01 00 00 4d 03 d3 4c 8b 5b 10
0x000001e6af82ada4:   4b 8b 9c da c8 01 00 00 48 85 db 0f 84 10 00 00
0x000001e6af82adb4:   00 41 80 bf e0 05 00 00 00 74 03 ff 63 38 ff 63
0x000001e6af82adc4:   50 e9 36 16 00 00 66 66 66 0f 1f 84 00 00 00 00
0x000001e6af82add4:   00 66 66 66 90 0f 1f 80 00 00 00 00 58 5b 50 8b
0x000001e6af82ade4:   5b 24 48 c1 e3 03 48 8b 5b 10 48 85 db 0f 84 10
0x000001e6af82adf4:   00 00 00 41 80 bf e0 05 00 00 00 74 03 ff 63 38
0x000001e6af82ae04:   ff 63 50 e9 f4 15 00 00 66 66 66 0f 1f 84 00 00
0x000001e6af82ae14:   00 00 00 66 66 66 90 0f 1f 44 00 00 48 8b 53 08
0x000001e6af82ae24:   0f b7 52 2e 48 8b 0c d4 58 5b 50 48 3b 01 8b 5b
0x000001e6af82ae34:   24 48 c1 e3 03 48 8b 5b 10 48 85 db 0f 84 10 00
0x000001e6af82ae44:   00 00 41 80 bf e0 05 00 00 00 74 03 ff 63 38 ff
0x000001e6af82ae54:   63 50 e9 a5 15 00 00 0f 1f 44 00 00 48 8b 53 08
0x000001e6af82ae64:   0f b7 52 2e 48 8b 0c d4 58 5b 50 44 8b 51 08 49
0x000001e6af82ae74:   bb 00 00 00 bb e6 01 00 00 4d 03 d3 8b 43 18 48
0x000001e6af82ae84:   c1 e0 03 48 8b 40 10 48 8b 5b 10 45 8b 9a a0 00
0x000001e6af82ae94:   00 00 4f 8d 9c da c8 01 00 00 4d 8d 14 da 49 8b 


Stack slot to memory mapping:

stack at sp + 0 slots: 0x000001e6af7f958b is at code_begin+4363 in an Interpreter codelet
return entry points  [0x000001e6af7f8480, 0x000001e6af7fa298]  7704 bytes
stack at sp + 1 slots: 0x0000000709b9e6b0 is an oop: com.myshop.adminpage.model.Category 
{0x0000000709b9e6b0} - klass: 'com/myshop/adminpage/model/Category'
 - ---- fields (total size 7 words):
 - private 'active' 'Z' @12  true (0x01)
 - private 'hasChildren' 'Z' @13  false (0x00)
 - private 'id' 'Ljava/lang/Integer;' @16  null (0x00000000)
 - private 'name' 'Ljava/lang/String;' @20  "test4"{0x0000000709b77778} (0xe136eeef)
 - private 'photoUrl' 'Ljava/lang/String;' @24  ""{0x0000000709b7fb68} (0xe136ff6d)
 - private 'slug' 'Ljava/lang/String;' @28  "test4"{0x0000000709b7e708} (0xe136fce1)
 - private 'parent' 'Lcom/myshop/adminpage/model/Category;' @32  null (0x00000000)
 - private 'subCategories' 'Ljava/util/Set;' @36  a 'java/util/LinkedHashSet'{0x0000000709b9e6e8} (0xe1373cdd)
 - private 'allParentCategoryIds' 'Ljava/lang/String;' @40  null (0x00000000)
 - private 'createdAt' 'Ljava/time/LocalDateTime;' @44  null (0x00000000)
 - private 'updatedAt' 'Ljava/time/LocalDateTime;' @48  null (0x00000000)
stack at sp + 2 slots: 0x0000000706974208 is an oop: com.myshop.adminpage.controller.admin.CategoryController 
{0x0000000706974208} - klass: 'com/myshop/adminpage/controller/admin/CategoryController'
 - ---- fields (total size 3 words):
 - private 'categoryServiceInf' 'Lcom/myshop/adminpage/Interface/CategoryServiceInf;' @12  a 'com/myshop/adminpage/service/admin/CategoryService'{0x0000000706974a48} (0xe0d2e949)
 - private 'categoryService' 'Lcom/myshop/adminpage/service/admin/CategoryService;' @16  a 'com/myshop/adminpage/service/admin/CategoryService'{0x0000000706974a48} (0xe0d2e949)
stack at sp + 3 slots: 0x00000079137fd8b0 is pointing into the stack for thread: 0x000001e684649120
stack at sp + 4 slots: 0x000001e6fd518276 is pointing into metadata
stack at sp + 5 slots: 0x0000000000000006 is an unknown value
stack at sp + 6 slots: 0x000001e6fd5183c8 is pointing into metadata
stack at sp + 7 slots: 0x00000079137fd998 is pointing into the stack for thread: 0x000001e684649120

MethodHandle::interpreter_entry::_linkToVirtual [0x000001e6af82ad63, 0x000001e6af82adca] (103 bytes)
[MachCode]
  0x000001e6af82ad63: 6666 660f | 1f84 0000 | 0000 0066 | 6666 9066 | 660f 1f84 | 0000 0000 | 0066 6666 | 9048 8b53 
  0x000001e6af82ad83: 080f b752 | 2e48 8b0c | d458 5b50 | 448b 5108 | 49bb 0000 | 00bb e601 | 0000 4d03 | d34c 8b5b 
  0x000001e6af82ada3: 104b 8b9c | dac8 0100 | 0048 85db | 0f84 1000 | 0000 4180 | bfe0 0500 | 0000 7403 | ff63 38ff 
  0x000001e6af82adc3: 6350 e936 | 
[/MachCode]

---------------  P R O C E S S  ---------------

Threads class SMR info:
_java_thread_list=0x000001e689408240, length=34, elements={
0x000001e6ba0e5840, 0x000001e6ba0e64a0, 0x000001e6ba0e9510, 0x000001e6ba0ec2e0,
0x000001e6ba0ecd40, 0x000001e6ba0ed7a0, 0x000001e6ba870900, 0x000001e6ba927d10,
0x000001e6baa430a0, 0x000001e6baa594d0, 0x000001e6baa63920, 0x000001e68093a430,
0x000001e68105b990, 0x000001e6810cbf70, 0x000001e68233e040, 0x000001e682271980,
0x000001e6822db4d0, 0x000001e682ad3b10, 0x000001e682ad2760, 0x000001e682ad5550,
0x000001e682ad2df0, 0x000001e682ad3480, 0x000001e682ad4ec0, 0x000001e684649e40,
0x000001e68464a4d0, 0x000001e684649120, 0x000001e684648400, 0x000001e684647d70,
0x000001e684647050, 0x000001e684648a90, 0x000001e6846497b0, 0x000001e6846476e0,
0x000001e684681e80, 0x000001e684682510
}

Java Threads: ( => current thread )
  0x000001e6ba0e5840 JavaThread "Reference Handler"          daemon [_thread_blocked, id=5888, stack(0x0000007910b00000,0x0000007910c00000) (1024K)]
  0x000001e6ba0e64a0 JavaThread "Finalizer"                  daemon [_thread_blocked, id=6664, stack(0x0000007910c00000,0x0000007910d00000) (1024K)]
  0x000001e6ba0e9510 JavaThread "Signal Dispatcher"          daemon [_thread_blocked, id=24444, stack(0x0000007910d00000,0x0000007910e00000) (1024K)]
  0x000001e6ba0ec2e0 JavaThread "Attach Listener"            daemon [_thread_blocked, id=11060, stack(0x0000007910e00000,0x0000007910f00000) (1024K)]
  0x000001e6ba0ecd40 JavaThread "Service Thread"             daemon [_thread_blocked, id=21988, stack(0x0000007910f00000,0x0000007911000000) (1024K)]
  0x000001e6ba0ed7a0 JavaThread "Monitor Deflation Thread"   daemon [_thread_blocked, id=25160, stack(0x0000007911000000,0x0000007911100000) (1024K)]
  0x000001e6ba870900 JavaThread "C1 CompilerThread0"         daemon [_thread_blocked, id=2816, stack(0x0000007911100000,0x0000007911200000) (1024K)]
  0x000001e6ba927d10 JavaThread "Common-Cleaner"             daemon [_thread_blocked, id=26604, stack(0x0000007911200000,0x0000007911300000) (1024K)]
  0x000001e6baa430a0 JavaThread "JDWP Transport Listener: dt_socket" daemon [_thread_blocked, id=15312, stack(0x0000007911400000,0x0000007911500000) (1024K)]
  0x000001e6baa594d0 JavaThread "JDWP Event Helper Thread"   daemon [_thread_blocked, id=15512, stack(0x0000007911500000,0x0000007911600000) (1024K)]
  0x000001e6baa63920 JavaThread "Notification Thread"        daemon [_thread_blocked, id=16904, stack(0x0000007911700000,0x0000007911800000) (1024K)]
  0x000001e68093a430 JavaThread "RMI TCP Accept-0"           daemon [_thread_in_native, id=11880, stack(0x0000007912300000,0x0000007912400000) (1024K)]
  0x000001e68105b990 JavaThread "RMI TCP Connection(idle)"   daemon [_thread_blocked, id=19812, stack(0x0000007912700000,0x0000007912800000) (1024K)]
  0x000001e6810cbf70 JavaThread "RMI Scheduler(0)"           daemon [_thread_blocked, id=24824, stack(0x0000007912800000,0x0000007912900000) (1024K)]
  0x000001e68233e040 JavaThread "Catalina-utility-1"                [_thread_blocked, id=14424, stack(0x0000007912600000,0x0000007912700000) (1024K)]
  0x000001e682271980 JavaThread "Catalina-utility-2"                [_thread_blocked, id=19652, stack(0x0000007912b00000,0x0000007912c00000) (1024K)]
  0x000001e6822db4d0 JavaThread "container-0"                       [_thread_blocked, id=13228, stack(0x0000007912c00000,0x0000007912d00000) (1024K)]
  0x000001e682ad3b10 JavaThread "mysql-cj-abandoned-connection-cleanup" daemon [_thread_blocked, id=23724, stack(0x0000007912d00000,0x0000007912e00000) (1024K)]
  0x000001e682ad2760 JavaThread "HikariPool-1 housekeeper"   daemon [_thread_blocked, id=23408, stack(0x0000007912f00000,0x0000007913000000) (1024K)]
  0x000001e682ad5550 JavaThread "File Watcher"               daemon [_thread_blocked, id=21424, stack(0x0000007913100000,0x0000007913200000) (1024K)]
  0x000001e682ad2df0 JavaThread "Live Reload Server"         daemon [_thread_in_native, id=20052, stack(0x0000007913300000,0x0000007913400000) (1024K)]
  0x000001e682ad3480 JavaThread "http-nio-8085-exec-1"       daemon [_thread_blocked, id=17112, stack(0x0000007913200000,0x0000007913300000) (1024K)]
  0x000001e682ad4ec0 JavaThread "http-nio-8085-exec-2"       daemon [_thread_blocked, id=1288, stack(0x0000007913400000,0x0000007913500000) (1024K)]
  0x000001e684649e40 JavaThread "http-nio-8085-exec-3"       daemon [_thread_blocked, id=15168, stack(0x0000007913500000,0x0000007913600000) (1024K)]
  0x000001e68464a4d0 JavaThread "http-nio-8085-exec-4"       daemon [_thread_blocked, id=6432, stack(0x0000007913600000,0x0000007913700000) (1024K)]
=>0x000001e684649120 JavaThread "http-nio-8085-exec-5"       daemon [_thread_in_Java, id=25640, stack(0x0000007913700000,0x0000007913800000) (1024K)]
  0x000001e684648400 JavaThread "http-nio-8085-exec-6"       daemon [_thread_blocked, id=21216, stack(0x0000007913800000,0x0000007913900000) (1024K)]
  0x000001e684647d70 JavaThread "http-nio-8085-exec-7"       daemon [_thread_blocked, id=16532, stack(0x0000007913900000,0x0000007913a00000) (1024K)]
  0x000001e684647050 JavaThread "http-nio-8085-exec-8"       daemon [_thread_blocked, id=13504, stack(0x0000007913a00000,0x0000007913b00000) (1024K)]
  0x000001e684648a90 JavaThread "http-nio-8085-exec-9"       daemon [_thread_blocked, id=23692, stack(0x0000007913b00000,0x0000007913c00000) (1024K)]
  0x000001e6846497b0 JavaThread "http-nio-8085-exec-10"      daemon [_thread_blocked, id=772, stack(0x0000007913c00000,0x0000007913d00000) (1024K)]
  0x000001e6846476e0 JavaThread "http-nio-8085-Poller"       daemon [_thread_in_native, id=25436, stack(0x0000007913d00000,0x0000007913e00000) (1024K)]
  0x000001e684681e80 JavaThread "http-nio-8085-Acceptor"     daemon [_thread_in_native, id=20416, stack(0x0000007913e00000,0x0000007913f00000) (1024K)]
  0x000001e684682510 JavaThread "DestroyJavaVM"                     [_thread_blocked, id=24640, stack(0x0000007910300000,0x0000007910400000) (1024K)]
Total: 34

Other Threads:
  0x000001e6ba0cb6f0 VMThread "VM Thread"                           [id=21076, stack(0x0000007910a00000,0x0000007910b00000) (1024K)] _threads_hazard_ptr=0x000001e689408240
  0x000001e6ba0b6810 WatcherThread "VM Periodic Task Thread"        [id=12452, stack(0x0000007910900000,0x0000007910a00000) (1024K)]
  0x000001e6a719c520 WorkerThread "GC Thread#0"                     [id=13928, stack(0x0000007910400000,0x0000007910500000) (1024K)]
  0x000001e680741c10 WorkerThread "GC Thread#1"                     [id=8296, stack(0x0000007911a00000,0x0000007911b00000) (1024K)]
  0x000001e680741fb0 WorkerThread "GC Thread#2"                     [id=12672, stack(0x0000007911b00000,0x0000007911c00000) (1024K)]
  0x000001e680742350 WorkerThread "GC Thread#3"                     [id=8040, stack(0x0000007911c00000,0x0000007911d00000) (1024K)]
  0x000001e6807426f0 WorkerThread "GC Thread#4"                     [id=12044, stack(0x0000007911d00000,0x0000007911e00000) (1024K)]
  0x000001e680746aa0 WorkerThread "GC Thread#5"                     [id=11936, stack(0x0000007911e00000,0x0000007911f00000) (1024K)]
  0x000001e68076eb60 WorkerThread "GC Thread#6"                     [id=20128, stack(0x0000007911f00000,0x0000007912000000) (1024K)]
  0x000001e68076ef00 WorkerThread "GC Thread#7"                     [id=9148, stack(0x0000007912000000,0x0000007912100000) (1024K)]
  0x000001e68076f2a0 WorkerThread "GC Thread#8"                     [id=15576, stack(0x0000007912100000,0x0000007912200000) (1024K)]
  0x000001e680771650 WorkerThread "GC Thread#9"                     [id=13344, stack(0x0000007912200000,0x0000007912300000) (1024K)]
  0x000001e6a71ad0b0 ConcurrentGCThread "G1 Main Marker"            [id=25464, stack(0x0000007910500000,0x0000007910600000) (1024K)]
  0x000001e6a71ad960 WorkerThread "G1 Conc#0"                       [id=13780, stack(0x0000007910600000,0x0000007910700000) (1024K)]
  0x000001e6813522f0 WorkerThread "G1 Conc#1"                       [id=2436, stack(0x0000007912900000,0x0000007912a00000) (1024K)]
  0x000001e681352dd0 WorkerThread "G1 Conc#2"                       [id=25652, stack(0x0000007912a00000,0x0000007912b00000) (1024K)]
  0x000001e6b9f880d0 ConcurrentGCThread "G1 Refine#0"               [id=26156, stack(0x0000007910700000,0x0000007910800000) (1024K)]
  0x000001e6b9f888f0 ConcurrentGCThread "G1 Service"                [id=19856, stack(0x0000007910800000,0x0000007910900000) (1024K)]
Total: 18

Threads with active compile tasks:
C1 CompilerThread0   146695 9223       1       com.intellij.rt.debugger.agent.CaptureStorage$HardKey::hashCode (5 bytes)
Total: 1

VM state: synchronizing (normal execution)

VM Mutex/Monitor currently owned by a thread:  ([mutex/lock_event])
[0x00007ffd86993218] Threads_lock - owner thread: 0x000001e6ba0cb6f0

Heap address: 0x0000000703a00000, size: 4038 MB, Compressed Oops mode: Zero based, Oop shift amount: 3

CDS archive(s) mapped at: [0x000001e6bb000000-0x000001e6bbc90000-0x000001e6bbc90000), size 13172736, SharedBaseAddress: 0x000001e6bb000000, ArchiveRelocationMode: 1.
Compressed class space mapped at: 0x000001e6bc000000-0x000001e6fc000000, reserved size: 1073741824
Narrow klass base: 0x000001e6bb000000, Narrow klass shift: 0, Narrow klass range: 0x100000000

GC Precious Log:
 CardTable entry size: 512
 Card Set container configuration: InlinePtr #cards 4 size 8 Array Of Cards #cards 16 size 48 Howl #buckets 8 coarsen threshold 3686 Howl Bitmap #cards 512 size 80 coarsen threshold 460 Card regions per heap region 1 cards per card region 4096
 CPUs: 12 total, 12 available
 Memory: 16147M
 Large Page Support: Disabled
 NUMA Support: Disabled
 Compressed Oops: Enabled (Zero based)
 Heap Region Size: 2M
 Heap Min Capacity: 8M
 Heap Initial Capacity: 254M
 Heap Max Capacity: 4038M
 Pre-touch: Disabled
 Parallel Workers: 10
 Concurrent Workers: 3
 Concurrent Refinement Workers: 10
 Periodic GC: Disabled

Heap:
 garbage-first heap   total 116736K, used 82528K [0x0000000703a00000, 0x0000000800000000)
  region size 2048K, 11 young (22528K), 1 survivors (2048K)
 Metaspace       used 100008K, committed 101248K, reserved 1179648K
  class space    used 13923K, committed 14464K, reserved 1048576K

Heap Regions: E=young(eden), S=young(survivor), O=old, HS=humongous(starts), HC=humongous(continues), CS=collection set, F=free, TAMS=top-at-mark-start, PB=parsable bottom
|   0|0x0000000703a00000, 0x0000000703c00000, 0x0000000703c00000|100%| O|  |TAMS 0x0000000703a00000| PB 0x0000000703a00000| Untracked 
|   1|0x0000000703c00000, 0x0000000703e00000, 0x0000000703e00000|100%| O|  |TAMS 0x0000000703c00000| PB 0x0000000703c00000| Untracked 
|   2|0x0000000703e00000, 0x0000000704000000, 0x0000000704000000|100%| O|  |TAMS 0x0000000703e00000| PB 0x0000000703e00000| Untracked 
|   3|0x0000000704000000, 0x0000000704200000, 0x0000000704200000|100%| O|  |TAMS 0x0000000704000000| PB 0x0000000704000000| Untracked 
|   4|0x0000000704200000, 0x0000000704400000, 0x0000000704400000|100%| O|  |TAMS 0x0000000704200000| PB 0x0000000704200000| Untracked 
|   5|0x0000000704400000, 0x0000000704459290, 0x0000000704600000| 17%| O|  |TAMS 0x0000000704400000| PB 0x0000000704400000| Untracked 
|   6|0x0000000704600000, 0x0000000704800000, 0x0000000704800000|100%| O|  |TAMS 0x0000000704600000| PB 0x0000000704600000| Untracked 
|   7|0x0000000704800000, 0x0000000704a00000, 0x0000000704a00000|100%| O|  |TAMS 0x0000000704800000| PB 0x0000000704800000| Untracked 
|   8|0x0000000704a00000, 0x0000000704c00000, 0x0000000704c00000|100%| O|  |TAMS 0x0000000704a00000| PB 0x0000000704a00000| Untracked 
|   9|0x0000000704c00000, 0x0000000704e00000, 0x0000000704e00000|100%| O|  |TAMS 0x0000000704c00000| PB 0x0000000704c00000| Untracked 
|  10|0x0000000704e00000, 0x0000000705000000, 0x0000000705000000|100%| O|  |TAMS 0x0000000704e00000| PB 0x0000000704e00000| Untracked 
|  11|0x0000000705000000, 0x0000000705200000, 0x0000000705200000|100%| O|  |TAMS 0x0000000705000000| PB 0x0000000705000000| Untracked 
|  12|0x0000000705200000, 0x0000000705400000, 0x0000000705400000|100%| O|  |TAMS 0x0000000705200000| PB 0x0000000705200000| Untracked 
|  13|0x0000000705400000, 0x0000000705600000, 0x0000000705600000|100%| O|  |TAMS 0x0000000705400000| PB 0x0000000705400000| Untracked 
|  14|0x0000000705600000, 0x0000000705800000, 0x0000000705800000|100%| O|  |TAMS 0x0000000705600000| PB 0x0000000705600000| Untracked 
|  15|0x0000000705800000, 0x0000000705a00000, 0x0000000705a00000|100%| O|  |TAMS 0x0000000705800000| PB 0x0000000705800000| Untracked 
|  16|0x0000000705a00000, 0x0000000705c00000, 0x0000000705c00000|100%| O|  |TAMS 0x0000000705a00000| PB 0x0000000705a00000| Untracked 
|  17|0x0000000705c00000, 0x0000000705e00000, 0x0000000705e00000|100%| O|  |TAMS 0x0000000705c00000| PB 0x0000000705c00000| Untracked 
|  18|0x0000000705e00000, 0x0000000706000000, 0x0000000706000000|100%| O|  |TAMS 0x0000000705e00000| PB 0x0000000705e00000| Untracked 
|  19|0x0000000706000000, 0x0000000706200000, 0x0000000706200000|100%| O|  |TAMS 0x0000000706000000| PB 0x0000000706000000| Untracked 
|  20|0x0000000706200000, 0x0000000706400000, 0x0000000706400000|100%| O|  |TAMS 0x0000000706200000| PB 0x0000000706200000| Untracked 
|  21|0x0000000706400000, 0x0000000706600000, 0x0000000706600000|100%| O|  |TAMS 0x0000000706400000| PB 0x0000000706400000| Untracked 
|  22|0x0000000706600000, 0x0000000706800000, 0x0000000706800000|100%| O|  |TAMS 0x0000000706600000| PB 0x0000000706600000| Untracked 
|  23|0x0000000706800000, 0x0000000706a00000, 0x0000000706a00000|100%| O|  |TAMS 0x0000000706800000| PB 0x0000000706800000| Untracked 
|  24|0x0000000706a00000, 0x0000000706c00000, 0x0000000706c00000|100%| O|Cm|TAMS 0x0000000706a00000| PB 0x0000000706a00000| Complete 
|  25|0x0000000706c00000, 0x0000000706e00000, 0x0000000706e00000|100%| O|  |TAMS 0x0000000706c00000| PB 0x0000000706c00000| Untracked 
|  26|0x0000000706e00000, 0x0000000707000000, 0x0000000707000000|100%| O|  |TAMS 0x0000000706e00000| PB 0x0000000706e00000| Untracked 
|  27|0x0000000707000000, 0x0000000707200000, 0x0000000707200000|100%| O|  |TAMS 0x0000000707000000| PB 0x0000000707000000| Untracked 
|  28|0x0000000707200000, 0x0000000707400000, 0x0000000707400000|100%| O|  |TAMS 0x0000000707200000| PB 0x0000000707200000| Untracked 
|  29|0x0000000707400000, 0x0000000707600000, 0x0000000707600000|100%| O|  |TAMS 0x0000000707400000| PB 0x0000000707400000| Untracked 
|  30|0x0000000707600000, 0x0000000707800000, 0x0000000707800000|100%| O|Cm|TAMS 0x0000000707600000| PB 0x0000000707600000| Complete 
|  31|0x0000000707800000, 0x0000000707800000, 0x0000000707a00000|  0%| F|  |TAMS 0x0000000707800000| PB 0x0000000707800000| Untracked 
|  32|0x0000000707a00000, 0x0000000707a00000, 0x0000000707c00000|  0%| F|  |TAMS 0x0000000707a00000| PB 0x0000000707a00000| Untracked 
|  33|0x0000000707c00000, 0x0000000707c00000, 0x0000000707e00000|  0%| F|  |TAMS 0x0000000707c00000| PB 0x0000000707c00000| Untracked 
|  34|0x0000000707e00000, 0x0000000707e00000, 0x0000000708000000|  0%| F|  |TAMS 0x0000000707e00000| PB 0x0000000707e00000| Untracked 
|  35|0x0000000708000000, 0x000000070803eec0, 0x0000000708200000| 12%| S|CS|TAMS 0x0000000708000000| PB 0x0000000708000000| Complete 
|  36|0x0000000708200000, 0x0000000708200000, 0x0000000708400000|  0%| F|  |TAMS 0x0000000708200000| PB 0x0000000708200000| Untracked 
|  37|0x0000000708400000, 0x0000000708400000, 0x0000000708600000|  0%| F|  |TAMS 0x0000000708400000| PB 0x0000000708400000| Untracked 
|  38|0x0000000708600000, 0x0000000708600000, 0x0000000708800000|  0%| F|  |TAMS 0x0000000708600000| PB 0x0000000708600000| Untracked 
|  39|0x0000000708800000, 0x0000000708800000, 0x0000000708a00000|  0%| F|  |TAMS 0x0000000708800000| PB 0x0000000708800000| Untracked 
|  40|0x0000000708a00000, 0x0000000708a00000, 0x0000000708c00000|  0%| F|  |TAMS 0x0000000708a00000| PB 0x0000000708a00000| Untracked 
|  41|0x0000000708c00000, 0x0000000708c00000, 0x0000000708e00000|  0%| F|  |TAMS 0x0000000708c00000| PB 0x0000000708c00000| Untracked 
|  42|0x0000000708e00000, 0x0000000708e00000, 0x0000000709000000|  0%| F|  |TAMS 0x0000000708e00000| PB 0x0000000708e00000| Untracked 
|  43|0x0000000709000000, 0x0000000709000000, 0x0000000709200000|  0%| F|  |TAMS 0x0000000709000000| PB 0x0000000709000000| Untracked 
|  44|0x0000000709200000, 0x0000000709200000, 0x0000000709400000|  0%| F|  |TAMS 0x0000000709200000| PB 0x0000000709200000| Untracked 
|  45|0x0000000709400000, 0x0000000709400000, 0x0000000709600000|  0%| F|  |TAMS 0x0000000709400000| PB 0x0000000709400000| Untracked 
|  46|0x0000000709600000, 0x0000000709761290, 0x0000000709800000| 68%| E|  |TAMS 0x0000000709600000| PB 0x0000000709600000| Complete 
|  47|0x0000000709800000, 0x0000000709a00000, 0x0000000709a00000|100%| E|CS|TAMS 0x0000000709800000| PB 0x0000000709800000| Complete 
|  48|0x0000000709a00000, 0x0000000709c00000, 0x0000000709c00000|100%| E|CS|TAMS 0x0000000709a00000| PB 0x0000000709a00000| Complete 
|  49|0x0000000709c00000, 0x0000000709e00000, 0x0000000709e00000|100%| E|CS|TAMS 0x0000000709c00000| PB 0x0000000709c00000| Complete 
|  50|0x0000000709e00000, 0x000000070a000000, 0x000000070a000000|100%| E|CS|TAMS 0x0000000709e00000| PB 0x0000000709e00000| Complete 
|  51|0x000000070a000000, 0x000000070a200000, 0x000000070a200000|100%| E|CS|TAMS 0x000000070a000000| PB 0x000000070a000000| Complete 
| 102|0x0000000710600000, 0x0000000710800000, 0x0000000710800000|100%| E|CS|TAMS 0x0000000710600000| PB 0x0000000710600000| Complete 
| 103|0x0000000710800000, 0x0000000710a00000, 0x0000000710a00000|100%| E|CS|TAMS 0x0000000710800000| PB 0x0000000710800000| Complete 
| 104|0x0000000710a00000, 0x0000000710c00000, 0x0000000710c00000|100%| E|CS|TAMS 0x0000000710a00000| PB 0x0000000710a00000| Complete 
| 126|0x0000000713600000, 0x0000000713800000, 0x0000000713800000|100%| E|CS|TAMS 0x0000000713600000| PB 0x0000000713600000| Complete 
|2018|0x00000007ffe00000, 0x0000000800000000, 0x0000000800000000|100%| O|  |TAMS 0x00000007ffe00000| PB 0x00000007ffe00000| Untracked 

Card table byte_map: [0x000001e6b3310000,0x000001e6b3b00000] _byte_map_base: 0x000001e6afaf3000

Marking Bits: (CMBitMap*) 0x000001e6a719c9d0
 Bits: [0x000001e6b3b00000, 0x000001e6b7a18000)

Polling page: 0x000001e6a68e0000

Metaspace:

Usage:
  Non-class:     84.07 MB used.
      Class:     13.60 MB used.
       Both:     97.66 MB used.

Virtual space:
  Non-class space:      128.00 MB reserved,      84.75 MB ( 66%) committed,  2 nodes.
      Class space:        1.00 GB reserved,      14.12 MB (  1%) committed,  1 nodes.
             Both:        1.12 GB reserved,      98.88 MB (  9%) committed. 

Chunk freelists:
   Non-Class:  10.48 MB
       Class:  1.91 MB
        Both:  12.39 MB

MaxMetaspaceSize: unlimited
CompressedClassSpaceSize: 1.00 GB
Initial GC threshold: 21.00 MB
Current GC threshold: 164.06 MB
CDS: on
 - commit_granule_bytes: 65536.
 - commit_granule_words: 8192.
 - virtual_space_node_default_size: 8388608.
 - enlarge_chunks_in_place: 1.
 - use_allocation_guard: 0.


Internal statistics:

num_allocs_failed_limit: 12.
num_arena_births: 1862.
num_arena_deaths: 10.
num_vsnodes_births: 3.
num_vsnodes_deaths: 0.
num_space_committed: 1582.
num_space_uncommitted: 0.
num_chunks_returned_to_freelist: 24.
num_chunks_taken_from_freelist: 5346.
num_chunk_merges: 15.
num_chunk_splits: 3901.
num_chunks_enlarged: 2955.
num_inconsistent_stats: 0.

CodeCache: size=49152Kb used=14974Kb max_used=19112Kb free=34177Kb
 bounds [0x000001e6af7f0000, 0x000001e6b0aa0000, 0x000001e6b27f0000]
 total_blobs=7592 nmethods=6516 adapters=999
 compilation: enabled
              stopped_count=0, restarted_count=0
 full_count=0

Compilation events (20 events):
Event: 51.986 Thread 0x000001e6ba870900 nmethod 9212 0x000001e6afa59a10 code [0x000001e6afa59bc0, 0x000001e6afa59d10]
Event: 51.986 Thread 0x000001e6ba870900 9213       1       java.util.concurrent.ScheduledThreadPoolExecutor$ScheduledFutureTask::compareTo (101 bytes)
Event: 51.986 Thread 0x000001e6ba870900 nmethod 9213 0x000001e6afd80d10 code [0x000001e6afd80f00, 0x000001e6afd81370]
Event: 54.848 Thread 0x000001e6ba870900 9214       1       java.util.concurrent.ThreadPoolExecutor::isShutdown (12 bytes)
Event: 54.848 Thread 0x000001e6ba870900 nmethod 9214 0x000001e6afa1ab90 code [0x000001e6afa1ad20, 0x000001e6afa1ae08]
Event: 54.848 Thread 0x000001e6ba870900 9215       1       java.util.concurrent.locks.AbstractQueuedSynchronizer$Node::<init> (5 bytes)
Event: 54.848 Thread 0x000001e6ba870900 nmethod 9215 0x000001e6afccb690 code [0x000001e6afccb820, 0x000001e6afccb8e8]
Event: 146.674 Thread 0x000001e6ba870900 9216       1       java.util.concurrent.ScheduledThreadPoolExecutor::canRunInCurrentRunState (61 bytes)
Event: 146.675 Thread 0x000001e6ba870900 nmethod 9216 0x000001e6afdbd410 code [0x000001e6afdbd5e0, 0x000001e6afdbd8b0]
Event: 146.675 Thread 0x000001e6ba870900 9220   !   1       java.util.concurrent.locks.AbstractQueuedSynchronizer::acquire (424 bytes)
Event: 146.676 Thread 0x000001e6ba870900 nmethod 9220 0x000001e6b02afc10 code [0x000001e6b02afee0, 0x000001e6b02b0e08]
Event: 146.676 Thread 0x000001e6ba870900 9218       1       java.util.concurrent.locks.AbstractQueuedSynchronizer$ConditionObject::signal (34 bytes)
Event: 146.676 Thread 0x000001e6ba870900 nmethod 9218 0x000001e6afa8ea90 code [0x000001e6afa8ec60, 0x000001e6afa8ee50]
Event: 146.676 Thread 0x000001e6ba870900 9219       1       java.util.concurrent.ThreadPoolExecutor::workerCountOf (5 bytes)
Event: 146.676 Thread 0x000001e6ba870900 nmethod 9219 0x000001e6afcd3910 code [0x000001e6afcd3aa0, 0x000001e6afcd3b50]
Event: 146.676 Thread 0x000001e6ba870900 9221       1       java.util.concurrent.TimeUnit::convert (73 bytes)
Event: 146.676 Thread 0x000001e6ba870900 nmethod 9221 0x000001e6afdf6110 code [0x000001e6afdf6320, 0x000001e6afdf65b8]
Event: 146.676 Thread 0x000001e6ba870900 9222       1       java.util.concurrent.ThreadPoolExecutor::getQueue (5 bytes)
Event: 146.676 Thread 0x000001e6ba870900 nmethod 9222 0x000001e6afcea790 code [0x000001e6afcea920, 0x000001e6afcea9f0]
Event: 146.676 Thread 0x000001e6ba870900 9223       1       com.intellij.rt.debugger.agent.CaptureStorage$HardKey::hashCode (5 bytes)

GC Heap History (20 events):
Event: 9.434 GC heap before
{Heap before GC invocations=20 (full 0):
 garbage-first heap   total 96256K, used 78582K [0x0000000703a00000, 0x0000000800000000)
  region size 2048K, 21 young (43008K), 3 survivors (6144K)
 Metaspace       used 88601K, committed 89408K, reserved 1179648K
  class space    used 12393K, committed 12736K, reserved 1048576K
}
Event: 9.441 GC heap after
{Heap after GC invocations=21 (full 0):
 garbage-first heap   total 96256K, used 47769K [0x0000000703a00000, 0x0000000800000000)
  region size 2048K, 3 young (6144K), 3 survivors (6144K)
 Metaspace       used 88601K, committed 89408K, reserved 1179648K
  class space    used 12393K, committed 12736K, reserved 1048576K
}
Event: 10.502 GC heap before
{Heap before GC invocations=21 (full 0):
 garbage-first heap   total 96256K, used 78489K [0x0000000703a00000, 0x0000000800000000)
  region size 2048K, 19 young (38912K), 3 survivors (6144K)
 Metaspace       used 92542K, committed 93376K, reserved 1179648K
  class space    used 12929K, committed 13312K, reserved 1048576K
}
Event: 10.507 GC heap after
{Heap after GC invocations=22 (full 0):
 garbage-first heap   total 96256K, used 49847K [0x0000000703a00000, 0x0000000800000000)
  region size 2048K, 2 young (4096K), 2 survivors (4096K)
 Metaspace       used 92542K, committed 93376K, reserved 1179648K
  class space    used 12929K, committed 13312K, reserved 1048576K
}
Event: 14.926 GC heap before
{Heap before GC invocations=22 (full 0):
 garbage-first heap   total 96256K, used 82615K [0x0000000703a00000, 0x0000000800000000)
  region size 2048K, 18 young (36864K), 2 survivors (4096K)
 Metaspace       used 93181K, committed 94080K, reserved 1179648K
  class space    used 13008K, committed 13440K, reserved 1048576K
}
Event: 14.928 GC heap after
{Heap after GC invocations=23 (full 0):
 garbage-first heap   total 96256K, used 50574K [0x0000000703a00000, 0x0000000800000000)
  region size 2048K, 2 young (4096K), 2 survivors (4096K)
 Metaspace       used 93181K, committed 94080K, reserved 1179648K
  class space    used 13008K, committed 13440K, reserved 1048576K
}
Event: 15.508 GC heap before
{Heap before GC invocations=24 (full 0):
 garbage-first heap   total 96256K, used 85390K [0x0000000703a00000, 0x0000000800000000)
  region size 2048K, 18 young (36864K), 2 survivors (4096K)
 Metaspace       used 96785K, committed 97856K, reserved 1179648K
  class space    used 13459K, committed 13952K, reserved 1048576K
}
Event: 15.513 GC heap after
{Heap after GC invocations=25 (full 0):
 garbage-first heap   total 98304K, used 56400K [0x0000000703a00000, 0x0000000800000000)
  region size 2048K, 3 young (6144K), 3 survivors (6144K)
 Metaspace       used 96785K, committed 97856K, reserved 1179648K
  class space    used 13459K, committed 13952K, reserved 1048576K
}
Event: 15.679 GC heap before
{Heap before GC invocations=25 (full 0):
 garbage-first heap   total 98304K, used 83024K [0x0000000703a00000, 0x0000000800000000)
  region size 2048K, 17 young (34816K), 3 survivors (6144K)
 Metaspace       used 97878K, committed 98944K, reserved 1179648K
  class space    used 13603K, committed 14080K, reserved 1048576K
}
Event: 15.687 GC heap after
{Heap after GC invocations=26 (full 0):
 garbage-first heap   total 100352K, used 59405K [0x0000000703a00000, 0x0000000800000000)
  region size 2048K, 2 young (4096K), 2 survivors (4096K)
 Metaspace       used 97878K, committed 98944K, reserved 1179648K
  class space    used 13603K, committed 14080K, reserved 1048576K
}
Event: 16.368 GC heap before
{Heap before GC invocations=26 (full 0):
 garbage-first heap   total 100352K, used 88077K [0x0000000703a00000, 0x0000000800000000)
  region size 2048K, 16 young (32768K), 2 survivors (4096K)
 Metaspace       used 99669K, committed 100800K, reserved 1179648K
  class space    used 13870K, committed 14400K, reserved 1048576K
}
Event: 16.374 GC heap after
{Heap after GC invocations=27 (full 0):
 garbage-first heap   total 100352K, used 62575K [0x0000000703a00000, 0x0000000800000000)
  region size 2048K, 2 young (4096K), 2 survivors (4096K)
 Metaspace       used 99669K, committed 100800K, reserved 1179648K
  class space    used 13870K, committed 14400K, reserved 1048576K
}
Event: 20.473 GC heap before
{Heap before GC invocations=28 (full 0):
 garbage-first heap   total 110592K, used 87151K [0x0000000703a00000, 0x0000000800000000)
  region size 2048K, 14 young (28672K), 2 survivors (4096K)
 Metaspace       used 99669K, committed 100800K, reserved 1179648K
  class space    used 13870K, committed 14400K, reserved 1048576K
}
Event: 20.476 GC heap after
{Heap after GC invocations=29 (full 0):
 garbage-first heap   total 110592K, used 64800K [0x0000000703a00000, 0x0000000800000000)
  region size 2048K, 1 young (2048K), 1 survivors (2048K)
 Metaspace       used 99669K, committed 100800K, reserved 1179648K
  class space    used 13870K, committed 14400K, reserved 1048576K
}
Event: 24.706 GC heap before
{Heap before GC invocations=29 (full 0):
 garbage-first heap   total 110592K, used 95520K [0x0000000703a00000, 0x0000000800000000)
  region size 2048K, 16 young (32768K), 1 survivors (2048K)
 Metaspace       used 99669K, committed 100800K, reserved 1179648K
  class space    used 13870K, committed 14400K, reserved 1048576K
}
Event: 24.712 GC heap after
{Heap after GC invocations=30 (full 0):
 garbage-first heap   total 110592K, used 66006K [0x0000000703a00000, 0x0000000800000000)
  region size 2048K, 2 young (4096K), 2 survivors (4096K)
 Metaspace       used 99669K, committed 100800K, reserved 1179648K
  class space    used 13870K, committed 14400K, reserved 1048576K
}
Event: 29.874 GC heap before
{Heap before GC invocations=30 (full 0):
 garbage-first heap   total 110592K, used 96726K [0x0000000703a00000, 0x0000000800000000)
  region size 2048K, 17 young (34816K), 2 survivors (4096K)
 Metaspace       used 99669K, committed 100800K, reserved 1179648K
  class space    used 13870K, committed 14400K, reserved 1048576K
}
Event: 29.875 GC heap after
{Heap after GC invocations=31 (full 0):
 garbage-first heap   total 110592K, used 64678K [0x0000000703a00000, 0x0000000800000000)
  region size 2048K, 1 young (2048K), 1 survivors (2048K)
 Metaspace       used 99669K, committed 100800K, reserved 1179648K
  class space    used 13870K, committed 14400K, reserved 1048576K
}
Event: 35.126 GC heap before
{Heap before GC invocations=31 (full 0):
 garbage-first heap   total 110592K, used 97446K [0x0000000703a00000, 0x0000000800000000)
  region size 2048K, 17 young (34816K), 1 survivors (2048K)
 Metaspace       used 99671K, committed 100864K, reserved 1179648K
  class space    used 13870K, committed 14400K, reserved 1048576K
}
Event: 35.127 GC heap after
{Heap after GC invocations=32 (full 0):
 garbage-first heap   total 110592K, used 64096K [0x0000000703a00000, 0x0000000800000000)
  region size 2048K, 1 young (2048K), 1 survivors (2048K)
 Metaspace       used 99671K, committed 100864K, reserved 1179648K
  class space    used 13870K, committed 14400K, reserved 1048576K
}

Dll operation events (12 events):
Event: 0.007 Loaded shared library C:\Program Files\Microsoft\jdk-21.0.2.13-hotspot\bin\java.dll
Event: 0.008 Loaded shared library C:\Program Files\Microsoft\jdk-21.0.2.13-hotspot\bin\zip.dll
Event: 0.172 Loaded shared library C:\Program Files\Microsoft\jdk-21.0.2.13-hotspot\bin\instrument.dll
Event: 0.186 Loaded shared library C:\Program Files\Microsoft\jdk-21.0.2.13-hotspot\bin\jimage.dll
Event: 0.191 Loaded shared library C:\Program Files\Microsoft\jdk-21.0.2.13-hotspot\bin\net.dll
Event: 0.191 Loaded shared library C:\Program Files\Microsoft\jdk-21.0.2.13-hotspot\bin\nio.dll
Event: 0.196 Loaded shared library C:\Program Files\Microsoft\jdk-21.0.2.13-hotspot\bin\zip.dll
Event: 0.318 Loaded shared library C:\Program Files\Microsoft\jdk-21.0.2.13-hotspot\bin\management.dll
Event: 0.328 Loaded shared library C:\Program Files\Microsoft\jdk-21.0.2.13-hotspot\bin\management_ext.dll
Event: 0.543 Loaded shared library C:\Program Files\Microsoft\jdk-21.0.2.13-hotspot\bin\extnet.dll
Event: 1.584 Loaded shared library C:\Program Files\Microsoft\jdk-21.0.2.13-hotspot\bin\sunmscapi.dll
Event: 3.220 Loaded shared library C:\Program Files\Microsoft\jdk-21.0.2.13-hotspot\bin\verify.dll

Deoptimization events (20 events):
Event: 36.812 Thread 0x000001e684649120 DEOPT PACKING pc=0x000001e6affa5e74 sp=0x00000079137fd140
Event: 36.812 Thread 0x000001e684649120 DEOPT UNPACKING pc=0x000001e6af8488e2 sp=0x00000079137fc6b8 mode 1
Event: 36.812 Thread 0x000001e684649120 DEOPT PACKING pc=0x000001e6affa5e74 sp=0x00000079137fd1b0
Event: 36.812 Thread 0x000001e684649120 DEOPT UNPACKING pc=0x000001e6af8488e2 sp=0x00000079137fc728 mode 1
Event: 36.812 Thread 0x000001e684649120 DEOPT PACKING pc=0x000001e6affa5e74 sp=0x00000079137fd1b0
Event: 36.812 Thread 0x000001e684649120 DEOPT UNPACKING pc=0x000001e6af8488e2 sp=0x00000079137fc728 mode 1
Event: 36.812 Thread 0x000001e684649120 DEOPT PACKING pc=0x000001e6affa5e74 sp=0x00000079137fd1b0
Event: 36.812 Thread 0x000001e684649120 DEOPT UNPACKING pc=0x000001e6af8488e2 sp=0x00000079137fc728 mode 1
Event: 36.812 Thread 0x000001e684649120 DEOPT PACKING pc=0x000001e6afc3d6a4 sp=0x00000079137fd0d0
Event: 36.812 Thread 0x000001e684649120 DEOPT UNPACKING pc=0x000001e6af8488e2 sp=0x00000079137fc610 mode 1
Event: 36.812 Thread 0x000001e684649120 DEOPT PACKING pc=0x000001e6b02a988c sp=0x00000079137fd1f0
Event: 36.812 Thread 0x000001e684649120 DEOPT UNPACKING pc=0x000001e6af8488e2 sp=0x00000079137fc748 mode 1
Event: 37.038 Thread 0x000001e684649120 DEOPT PACKING pc=0x000001e6b0073324 sp=0x00000079137fbe70
Event: 37.038 Thread 0x000001e684649120 DEOPT UNPACKING pc=0x000001e6af8488e2 sp=0x00000079137fb3a8 mode 1
Event: 37.038 Thread 0x000001e684649120 DEOPT PACKING pc=0x000001e6b0074374 sp=0x00000079137fbf60
Event: 37.038 Thread 0x000001e684649120 DEOPT UNPACKING pc=0x000001e6af8488e2 sp=0x00000079137fb510 mode 1
Event: 37.038 Thread 0x000001e684649120 DEOPT PACKING pc=0x000001e6b00703ac sp=0x00000079137fc0d0
Event: 37.038 Thread 0x000001e684649120 DEOPT UNPACKING pc=0x000001e6af8488e2 sp=0x00000079137fb690 mode 1
Event: 143.534 Thread 0x000001e684649120 DEOPT PACKING pc=0x000001e6b097ed44 sp=0x00000079137fd8b0
Event: 143.534 Thread 0x000001e684649120 DEOPT UNPACKING pc=0x000001e6af8488e2 sp=0x00000079137fcd58 mode 0

Classes loaded (20 events):
Event: 36.803 Loading class org/springframework/http/ContentDisposition$Builder
Event: 36.803 Loading class org/springframework/http/ContentDisposition$Builder done
Event: 36.804 Loading class org/springframework/web/multipart/support/StandardMultipartHttpServletRequest$StandardMultipartFile
Event: 36.804 Loading class org/springframework/web/multipart/support/StandardMultipartHttpServletRequest$StandardMultipartFile done
Event: 36.807 Loading class org/springframework/beans/MutablePropertyValues
Event: 36.807 Loading class org/springframework/beans/MutablePropertyValues done
Event: 36.808 Loading class org/springframework/web/bind/WebDataBinder
Event: 36.808 Loading class org/springframework/web/bind/WebDataBinder done
Event: 36.808 Loading class org/springframework/beans/MutablePropertyValues
Event: 36.808 Loading class org/springframework/beans/MutablePropertyValues done
Event: 36.808 Loading class org/springframework/beans/MutablePropertyValues
Event: 36.808 Loading class org/springframework/beans/MutablePropertyValues done
Event: 36.808 Loading class org/springframework/beans/MutablePropertyValues
Event: 36.808 Loading class org/springframework/beans/MutablePropertyValues done
Event: 36.809 Loading class org/springframework/validation/annotation/ValidationAnnotationUtils
Event: 36.809 Loading class org/springframework/validation/annotation/ValidationAnnotationUtils done
Event: 36.810 Loading class org/springframework/validation/support/BindingAwareModelMap
Event: 36.810 Loading class org/springframework/validation/support/BindingAwareModelMap done
Event: 37.038 Loading class com/intellij/rt/debugger/BatchEvaluatorServer
Event: 37.038 Loading class com/intellij/rt/debugger/BatchEvaluatorServer done

Classes unloaded (5 events):
Event: 14.952 Thread 0x000001e6ba0cb6f0 Unloading class 0x000001e6bcb7d400 'jdk/internal/reflect/GeneratedSerializationConstructorAccessor18'
Event: 35.149 Thread 0x000001e6ba0cb6f0 Unloading class 0x000001e6bcdf1c00 'java/lang/invoke/LambdaForm$DMH+0x000001e6bcdf1c00'
Event: 35.149 Thread 0x000001e6ba0cb6f0 Unloading class 0x000001e6bcdf1800 'java/lang/invoke/LambdaForm$DMH+0x000001e6bcdf1800'
Event: 35.149 Thread 0x000001e6ba0cb6f0 Unloading class 0x000001e6bcdf1400 'java/lang/invoke/LambdaForm$DMH+0x000001e6bcdf1400'
Event: 35.149 Thread 0x000001e6ba0cb6f0 Unloading class 0x000001e6bcdf1000 'java/lang/invoke/LambdaForm$DMH+0x000001e6bcdf1000'

Classes redefined (1 events):
Event: 135.072 Thread 0x000001e6ba0cb6f0 redefined class name=com.myshop.adminpage.controller.admin.CategoryController, count=1

Internal exceptions (20 events):
Event: 16.015 Thread 0x000001e682ad3480 Exception <a 'java/lang/ClassNotFoundException'{0x000000070845f6c8}: nz/net/ultraq/thymeleaf/layoutdialect/models/ElementMergerBeanInfo> (0x000000070845f6c8) 
thrown [s\src\hotspot\share\classfile\systemDictionary.cpp, line 312]
Event: 16.016 Thread 0x000001e682ad3480 Exception <a 'java/lang/ClassNotFoundException'{0x00000007084690c8}: nz/net/ultraq/thymeleaf/layoutdialect/models/ElementMergerCustomizer> (0x00000007084690c8) 
thrown [s\src\hotspot\share\classfile\systemDictionary.cpp, line 312]
Event: 16.019 Thread 0x000001e682ad3480 Exception <a 'java/lang/ClassNotFoundException'{0x0000000708496940}: org/thymeleaf/model/AttributeValueQuotesBeanInfo> (0x0000000708496940) 
thrown [s\src\hotspot\share\classfile\systemDictionary.cpp, line 312]
Event: 16.021 Thread 0x000001e682ad3480 Exception <a 'java/lang/ClassNotFoundException'{0x000000070849f9c8}: org/thymeleaf/model/AttributeValueQuotesCustomizer> (0x000000070849f9c8) 
thrown [s\src\hotspot\share\classfile\systemDictionary.cpp, line 312]
Event: 16.022 Thread 0x000001e682ad3480 Exception <a 'java/lang/NoSuchMethodError'{0x00000007084a7020}: 'java.lang.Object java.lang.invoke.DirectMethodHandle$Holder.invokeInterface(java.lang.Object, java.lang.Object, java.lang.Object, java.lang.Object, java.lang.Object, int)'> (0x00000007084a7020) 
thrown [s\src\hotspot\share\interpreter\linkResolver.cpp, line 773]
Event: 16.030 Thread 0x000001e682ad3480 Exception <a 'java/lang/NoSuchMethodError'{0x00000007084e2ea0}: 'int java.lang.invoke.DirectMethodHandle$Holder.invokeSpecial(java.lang.Object, java.lang.Object, java.lang.Object, java.lang.Object, java.lang.Object, java.lang.Object)'> (0x00000007084e2ea0) 
thrown [s\src\hotspot\share\interpreter\linkResolver.cpp, line 773]
Event: 16.034 Thread 0x000001e682ad3480 Exception <a 'java/lang/NoSuchMethodError'{0x00000007085051f8}: 'java.lang.Object java.lang.invoke.Invokers$Holder.linkToCallSite(java.lang.Object, java.lang.Object, int, java.lang.Object)'> (0x00000007085051f8) 
thrown [s\src\hotspot\share\interpreter\linkResolver.cpp, line 773]
Event: 16.038 Thread 0x000001e682ad3480 Exception <a 'java/lang/ClassNotFoundException'{0x000000070851d150}: org/thymeleaf/engine/ElementTagStructureHandlerBeanInfo> (0x000000070851d150) 
thrown [s\src\hotspot\share\classfile\systemDictionary.cpp, line 312]
Event: 16.040 Thread 0x000001e682ad3480 Exception <a 'java/lang/ClassNotFoundException'{0x0000000708526598}: org/thymeleaf/engine/ElementTagStructureHandlerCustomizer> (0x0000000708526598) 
thrown [s\src\hotspot\share\classfile\systemDictionary.cpp, line 312]
Event: 16.042 Thread 0x000001e682ad3480 Exception <a 'java/lang/NoSuchMethodError'{0x00000007085e5210}: 'void java.lang.invoke.DirectMethodHandle$Holder.invokeInterface(java.lang.Object, java.lang.Object, java.lang.Object, int)'> (0x00000007085e5210) 
thrown [s\src\hotspot\share\interpreter\linkResolver.cpp, line 773]
Event: 16.051 Thread 0x000001e682ad3480 Exception <a 'java/lang/NoSuchMethodError'{0x00000007085e9250}: 'void java.lang.invoke.DirectMethodHandle$Holder.invokeSpecial(java.lang.Object, java.lang.Object, java.lang.Object, java.lang.Object, int)'> (0x00000007085e9250) 
thrown [s\src\hotspot\share\interpreter\linkResolver.cpp, line 773]
Event: 16.051 Thread 0x000001e684649e40 Exception <a 'java/lang/NoSuchMethodError'{0x0000000708205220}: 'java.lang.Object java.lang.invoke.DirectMethodHandle$Holder.invokeStatic(java.lang.Object, int, int)'> (0x0000000708205220) 
thrown [s\src\hotspot\share\interpreter\linkResolver.cpp, line 773]
Event: 16.051 Thread 0x000001e68464a4d0 Exception <a 'java/lang/NoSuchMethodError'{0x000000070821b220}: 'java.lang.Object java.lang.invoke.DirectMethodHandle$Holder.invokeStatic(java.lang.Object, int, int)'> (0x000000070821b220) 
thrown [s\src\hotspot\share\interpreter\linkResolver.cpp, line 773]
Event: 16.052 Thread 0x000001e682ad4ec0 Exception <a 'java/lang/NoSuchMethodError'{0x0000000708225768}: 'java.lang.Object java.lang.invoke.DirectMethodHandle$Holder.invokeStatic(java.lang.Object, int, int)'> (0x0000000708225768) 
thrown [s\src\hotspot\share\interpreter\linkResolver.cpp, line 773]
Event: 16.052 Thread 0x000001e684648400 Exception <a 'java/lang/NoSuchMethodError'{0x00000007082103a0}: 'java.lang.Object java.lang.invoke.DirectMethodHandle$Holder.invokeStatic(java.lang.Object, int, int)'> (0x00000007082103a0) 
thrown [s\src\hotspot\share\interpreter\linkResolver.cpp, line 773]
Event: 16.052 Thread 0x000001e684649120 Exception <a 'java/lang/NoSuchMethodError'{0x000000070822e010}: 'java.lang.Object java.lang.invoke.DirectMethodHandle$Holder.invokeStatic(java.lang.Object, int, int)'> (0x000000070822e010) 
thrown [s\src\hotspot\share\interpreter\linkResolver.cpp, line 773]
Event: 16.052 Thread 0x000001e682ad3480 Exception <a 'java/lang/NoSuchMethodError'{0x00000007085ecc98}: 'void java.lang.invoke.DelegatingMethodHandle$Holder.reinvoke_L(java.lang.Object, java.lang.Object, java.lang.Object, int)'> (0x00000007085ecc98) 
thrown [s\src\hotspot\share\interpreter\linkResolver.cpp, line 773]
Event: 16.055 Thread 0x000001e682ad3480 Exception <a 'java/lang/NoSuchMethodError'{0x00000007085f6650}: 'java.lang.Object java.lang.invoke.DelegatingMethodHandle$Holder.delegate(java.lang.Object, java.lang.Object, java.lang.Object, java.lang.Object, int)'> (0x00000007085f6650) 
thrown [s\src\hotspot\share\interpreter\linkResolver.cpp, line 773]
Event: 16.057 Thread 0x000001e682ad3480 Exception <a 'java/lang/NoSuchMethodError'{0x0000000708275c18}: 'int java.lang.invoke.DirectMethodHandle$Holder.invokeSpecial(java.lang.Object, java.lang.Object, java.lang.Object, java.lang.Object, int)'> (0x0000000708275c18) 
thrown [s\src\hotspot\share\interpreter\linkResolver.cpp, line 773]
Event: 37.294 Thread 0x000001e684649120 Exception <a 'java/lang/NoSuchMethodError'{0x00000007098692e0}: 'java.lang.Object java.lang.invoke.DirectMethodHandle$Holder.invokeSpecial(java.lang.Object, java.lang.Object, java.lang.Object, java.lang.Object, java.lang.Object, java.lang.Object, int, java.lang.Object, java.lang.Object, java.lang.Object, java.lang.Object, java.lang.Object, int)'> (0x00000007098692e0) 
thrown [s\src\hotspot\share\interpreter\linkResolver.cpp, line 773]

ZGC Phase Switch (0 events):
No events

VM Operations (20 events):
Event: 135.105 Executing VM operation: RedefineClasses done
Event: 135.109 Executing VM operation: ChangeBreakpoints
Event: 135.113 Executing VM operation: ChangeBreakpoints done
Event: 135.240 Executing VM operation: get/set locals
Event: 135.240 Executing VM operation: get/set locals done
Event: 143.534 Executing VM operation: ChangeSingleStep
Event: 143.534 Executing VM operation: ChangeSingleStep done
Event: 143.534 Executing VM operation: ChangeSingleStep
Event: 143.534 Executing VM operation: ChangeSingleStep done
Event: 143.545 Executing VM operation: get/set locals
Event: 143.545 Executing VM operation: get/set locals done
Event: 143.545 Executing VM operation: get/set locals
Event: 143.545 Executing VM operation: get/set locals done
Event: 143.545 Executing VM operation: get/set locals
Event: 143.545 Executing VM operation: get/set locals done
Event: 143.545 Executing VM operation: get/set locals
Event: 143.545 Executing VM operation: get/set locals done
Event: 143.583 Executing VM operation: get/set locals
Event: 143.583 Executing VM operation: get/set locals done
Event: 146.677 Executing VM operation: ChangeBreakpoints

Events (20 events):
Event: 35.160 Thread 0x000001e6ba0cb6f0 flushing nmethod 0x000001e6afcea790
Event: 35.160 Thread 0x000001e6ba0cb6f0 flushing nmethod 0x000001e6afcc7c90
Event: 35.160 Thread 0x000001e6ba0cb6f0 flushing nmethod 0x000001e6afccfc90
Event: 35.160 Thread 0x000001e6ba0cb6f0 flushing nmethod 0x000001e6afc6a490
Event: 35.160 Thread 0x000001e6ba0cb6f0 flushing nmethod 0x000001e6afca7810
Event: 35.160 Thread 0x000001e6ba0cb6f0 flushing nmethod 0x000001e6afc83a90
Event: 35.160 Thread 0x000001e6ba0cb6f0 flushing nmethod 0x000001e6afc5b510
Event: 35.160 Thread 0x000001e6ba0cb6f0 flushing nmethod 0x000001e6afc48f90
Event: 35.160 Thread 0x000001e6ba0cb6f0 flushing nmethod 0x000001e6afc48990
Event: 35.160 Thread 0x000001e6ba0cb6f0 flushing nmethod 0x000001e6afc4f590
Event: 35.160 Thread 0x000001e6ba0cb6f0 flushing nmethod 0x000001e6afb1d590
Event: 35.160 Thread 0x000001e6ba0cb6f0 flushing nmethod 0x000001e6afb03b10
Event: 35.160 Thread 0x000001e6ba0cb6f0 flushing nmethod 0x000001e6afae6210
Event: 35.160 Thread 0x000001e6ba0cb6f0 flushing nmethod 0x000001e6afa7a090
Event: 35.160 Thread 0x000001e6ba0cb6f0 flushing nmethod 0x000001e6afad1f90
Event: 35.160 Thread 0x000001e6ba0cb6f0 flushing nmethod 0x000001e6afabd410
Event: 35.160 Thread 0x000001e6ba0cb6f0 flushing nmethod 0x000001e6afa46410
Event: 35.160 Thread 0x000001e6ba0cb6f0 flushing nmethod 0x000001e6afa02290
Event: 146.676 Thread 0x000001e6baa59b50 Thread exited: 0x000001e6baa59b50
Event: 146.676 Thread 0x000001e684681160 Thread exited: 0x000001e684681160


Dynamic libraries:
0x00007ff71b770000 - 0x00007ff71b77e000 	C:\Program Files\Microsoft\jdk-21.0.2.13-hotspot\bin\java.exe
0x00007ffde7470000 - 0x00007ffde7668000 	C:\Windows\SYSTEM32\ntdll.dll
0x00007ffde5f00000 - 0x00007ffde5fc2000 	C:\Windows\System32\KERNEL32.DLL
0x00007ffde4ff0000 - 0x00007ffde52ee000 	C:\Windows\System32\KERNELBASE.dll
0x00007ffde4d90000 - 0x00007ffde4e90000 	C:\Windows\System32\ucrtbase.dll
0x00007ffddf4c0000 - 0x00007ffddf4d8000 	C:\Program Files\Microsoft\jdk-21.0.2.13-hotspot\bin\jli.dll
0x00007ffdde430000 - 0x00007ffdde44b000 	C:\Program Files\Microsoft\jdk-21.0.2.13-hotspot\bin\VCRUNTIME140.dll
0x00007ffde5b30000 - 0x00007ffde5ccd000 	C:\Windows\System32\USER32.dll
0x00007ffde52f0000 - 0x00007ffde5312000 	C:\Windows\System32\win32u.dll
0x00007ffde6560000 - 0x00007ffde658b000 	C:\Windows\System32\GDI32.dll
0x00007ffdcd540000 - 0x00007ffdcd7da000 	C:\Windows\WinSxS\amd64_microsoft.windows.common-controls_6595b64144ccf1df_6.0.19041.4355_none_60b8b9eb71f62e16\COMCTL32.dll
0x00007ffde4c70000 - 0x00007ffde4d87000 	C:\Windows\System32\gdi32full.dll
0x00007ffde64c0000 - 0x00007ffde655e000 	C:\Windows\System32\msvcrt.dll
0x00007ffde4ba0000 - 0x00007ffde4c3d000 	C:\Windows\System32\msvcp_win.dll
0x00007ffde5490000 - 0x00007ffde54bf000 	C:\Windows\System32\IMM32.DLL
0x00007ffddf4b0000 - 0x00007ffddf4bc000 	C:\Program Files\Microsoft\jdk-21.0.2.13-hotspot\bin\vcruntime140_1.dll
0x00007ffdde3a0000 - 0x00007ffdde42d000 	C:\Program Files\Microsoft\jdk-21.0.2.13-hotspot\bin\msvcp140.dll
0x00007ffd85ce0000 - 0x00007ffd86a73000 	C:\Program Files\Microsoft\jdk-21.0.2.13-hotspot\bin\server\jvm.dll
0x00007ffde7070000 - 0x00007ffde7122000 	C:\Windows\System32\ADVAPI32.dll
0x00007ffde5960000 - 0x00007ffde5a00000 	C:\Windows\System32\sechost.dll
0x00007ffde5ce0000 - 0x00007ffde5e03000 	C:\Windows\System32\RPCRT4.dll
0x00007ffde4c40000 - 0x00007ffde4c67000 	C:\Windows\System32\bcrypt.dll
0x00007ffde6390000 - 0x00007ffde63fb000 	C:\Windows\System32\WS2_32.dll
0x00007ffde40a0000 - 0x00007ffde40eb000 	C:\Windows\SYSTEM32\POWRPROF.dll
0x00007ffddabe0000 - 0x00007ffddabea000 	C:\Windows\SYSTEM32\VERSION.dll
0x00007ffdd7500000 - 0x00007ffdd7527000 	C:\Windows\SYSTEM32\WINMM.dll
0x00007ffde3f10000 - 0x00007ffde3f22000 	C:\Windows\SYSTEM32\UMPDC.dll
0x00007ffde32f0000 - 0x00007ffde3302000 	C:\Windows\SYSTEM32\kernel.appcore.dll
0x00007ffdde460000 - 0x00007ffdde46a000 	C:\Program Files\Microsoft\jdk-21.0.2.13-hotspot\bin\jimage.dll
0x00007ffde2860000 - 0x00007ffde2a44000 	C:\Windows\SYSTEM32\DBGHELP.DLL
0x00007ffdcbc70000 - 0x00007ffdcbca4000 	C:\Windows\SYSTEM32\dbgcore.DLL
0x00007ffde4b10000 - 0x00007ffde4b92000 	C:\Windows\System32\bcryptPrimitives.dll
0x00007ffdd95a0000 - 0x00007ffdd95dc000 	C:\Program Files\Microsoft\jdk-21.0.2.13-hotspot\bin\jdwp.dll
0x00007ffdde360000 - 0x00007ffdde36e000 	C:\Program Files\Microsoft\jdk-21.0.2.13-hotspot\bin\instrument.dll
0x00007ffdde380000 - 0x00007ffdde39f000 	C:\Program Files\Microsoft\jdk-21.0.2.13-hotspot\bin\java.dll
0x00007ffddb9e0000 - 0x00007ffddb9f8000 	C:\Program Files\Microsoft\jdk-21.0.2.13-hotspot\bin\zip.dll
0x00007ffde6900000 - 0x00007ffde706f000 	C:\Windows\System32\SHELL32.dll
0x00007ffde2a50000 - 0x00007ffde31f4000 	C:\Windows\SYSTEM32\windows.storage.dll
0x00007ffde5fd0000 - 0x00007ffde6323000 	C:\Windows\System32\combase.dll
0x00007ffde4540000 - 0x00007ffde456e000 	C:\Windows\SYSTEM32\Wldp.dll
0x00007ffde6590000 - 0x00007ffde665d000 	C:\Windows\System32\OLEAUT32.dll
0x00007ffde5a80000 - 0x00007ffde5b2d000 	C:\Windows\System32\SHCORE.dll
0x00007ffde6460000 - 0x00007ffde64b5000 	C:\Windows\System32\shlwapi.dll
0x00007ffde4a40000 - 0x00007ffde4a64000 	C:\Windows\SYSTEM32\profapi.dll
0x00007ffdd57e0000 - 0x00007ffdd57ec000 	C:\Program Files\Microsoft\jdk-21.0.2.13-hotspot\bin\dt_socket.dll
0x00007ffde3f30000 - 0x00007ffde3f6b000 	C:\Windows\SYSTEM32\IPHLPAPI.DLL
0x00007ffde42a0000 - 0x00007ffde430a000 	C:\Windows\system32\mswsock.dll
0x00007ffdd8260000 - 0x00007ffdd8270000 	C:\Program Files\Microsoft\jdk-21.0.2.13-hotspot\bin\net.dll
0x00007ffddd480000 - 0x00007ffddd58d000 	C:\Windows\SYSTEM32\WINHTTP.dll
0x00007ffdd8240000 - 0x00007ffdd8256000 	C:\Program Files\Microsoft\jdk-21.0.2.13-hotspot\bin\nio.dll
0x00007ffde3f80000 - 0x00007ffde404a000 	C:\Windows\SYSTEM32\DNSAPI.dll
0x00007ffde5cd0000 - 0x00007ffde5cd8000 	C:\Windows\System32\NSI.dll
0x00007ffdd96a0000 - 0x00007ffdd96aa000 	C:\Windows\System32\rasadhlp.dll
0x00007ffdd9410000 - 0x00007ffdd9490000 	C:\Windows\System32\fwpuclnt.dll
0x00007ffdcdf60000 - 0x00007ffdcdf69000 	C:\Program Files\Microsoft\jdk-21.0.2.13-hotspot\bin\management.dll
0x00007ffdccd50000 - 0x00007ffdccd5b000 	C:\Program Files\Microsoft\jdk-21.0.2.13-hotspot\bin\management_ext.dll
0x00007ffde5950000 - 0x00007ffde5958000 	C:\Windows\System32\PSAPI.DLL
0x00007ffde4490000 - 0x00007ffde44a8000 	C:\Windows\SYSTEM32\CRYPTSP.dll
0x00007ffde3b20000 - 0x00007ffde3b54000 	C:\Windows\system32\rsaenh.dll
0x00007ffde4a00000 - 0x00007ffde4a2e000 	C:\Windows\SYSTEM32\USERENV.dll
0x00007ffde44b0000 - 0x00007ffde44bc000 	C:\Windows\SYSTEM32\CRYPTBASE.dll
0x00007ffdc3f50000 - 0x00007ffdc3f67000 	C:\Windows\system32\napinsp.dll
0x00007ffdc3f30000 - 0x00007ffdc3f4b000 	C:\Windows\system32\pnrpnsp.dll
0x00007ffdc3eb0000 - 0x00007ffdc3ec5000 	C:\Windows\system32\wshbth.dll
0x00007ffdde000000 - 0x00007ffdde01d000 	C:\Windows\system32\NLAapi.dll
0x00007ffdc0300000 - 0x00007ffdc0312000 	C:\Windows\System32\winrnr.dll
0x00007ffdcc770000 - 0x00007ffdcc779000 	C:\Program Files\Microsoft\jdk-21.0.2.13-hotspot\bin\extnet.dll
0x00007ffdcc780000 - 0x00007ffdcc78e000 	C:\Program Files\Microsoft\jdk-21.0.2.13-hotspot\bin\sunmscapi.dll
0x00007ffde4e90000 - 0x00007ffde4fec000 	C:\Windows\System32\CRYPT32.dll
0x00007ffde45b0000 - 0x00007ffde45d7000 	C:\Windows\SYSTEM32\ncrypt.dll
0x00007ffde4570000 - 0x00007ffde45ab000 	C:\Windows\SYSTEM32\NTASN1.dll
0x00007ffdcab10000 - 0x00007ffdcab20000 	C:\Program Files\Microsoft\jdk-21.0.2.13-hotspot\bin\verify.dll
0x00007ffd6f1d0000 - 0x00007ffd6f1d7000 	C:\Windows\system32\wshunix.dll

dbghelp: loaded successfully - version: 4.0.5 - missing functions: none
symbol engine: initialized successfully - sym options: 0x614 - pdb path: .;C:\Program Files\Microsoft\jdk-21.0.2.13-hotspot\bin;C:\Windows\SYSTEM32;C:\Windows\WinSxS\amd64_microsoft.windows.common-controls_6595b64144ccf1df_6.0.19041.4355_none_60b8b9eb71f62e16;C:\Program Files\Microsoft\jdk-21.0.2.13-hotspot\bin\server

VM Arguments:
jvm_args: -agentlib:jdwp=transport=dt_socket,address=127.0.0.1:55828,suspend=y,server=n -XX:TieredStopAtLevel=1 -Dspring.output.ansi.enabled=always -Dcom.sun.management.jmxremote -Dspring.jmx.enabled=true -Dspring.liveBeansView.mbeanDomain -Dspring.application.admin.enabled=true -Dmanagement.endpoints.jmx.exposure.include=* -javaagent:C:\Users\DucNam\AppData\Local\JetBrains\IntelliJIdea2024.2\captureAgent\debugger-agent.jar=file:/C:/Users/DucNam/AppData/Local/Temp/capture.props -Dkotlinx.coroutines.debug.enable.creation.stack.trace=false -Ddebugger.agent.enable.coroutines=true -Dfile.encoding=UTF-8 -Dsun.stdout.encoding=UTF-8 -Dsun.stderr.encoding=UTF-8 
java_command: com.myshop.adminpage.MyShopAdminApplication
java_class_path (initial): D:\LAP_TRINH_JAVA\MyShop_Project\MyShopAdmin\target\classes;C:\Users\DucNam\.m2\repository\org\springframework\boot\spring-boot-starter-data-jpa\3.3.4\spring-boot-starter-data-jpa-3.3.4.jar;C:\Users\DucNam\.m2\repository\org\springframework\boot\spring-boot-starter-aop\3.3.4\spring-boot-starter-aop-3.3.4.jar;C:\Users\DucNam\.m2\repository\org\springframework\spring-aop\6.1.13\spring-aop-6.1.13.jar;C:\Users\DucNam\.m2\repository\org\aspectj\aspectjweaver\1.9.22.1\aspectjweaver-1.9.22.1.jar;C:\Users\DucNam\.m2\repository\org\springframework\boot\spring-boot-starter-jdbc\3.3.4\spring-boot-starter-jdbc-3.3.4.jar;C:\Users\DucNam\.m2\repository\com\zaxxer\HikariCP\5.1.0\HikariCP-5.1.0.jar;C:\Users\DucNam\.m2\repository\org\springframework\spring-jdbc\6.1.13\spring-jdbc-6.1.13.jar;C:\Users\DucNam\.m2\repository\org\hibernate\orm\hibernate-core\6.5.3.Final\hibernate-core-6.5.3.Final.jar;C:\Users\DucNam\.m2\repository\jakarta\persistence\jakarta.persistence-api\3.1.0\jakarta.persistence-api-3.1.0.jar;C:\Users\DucNam\.m2\repository\jakarta\transaction\jakarta.transaction-api\2.0.1\jakarta.transaction-api-2.0.1.jar;C:\Users\DucNam\.m2\repository\org\jboss\logging\jboss-logging\3.5.3.Final\jboss-logging-3.5.3.Final.jar;C:\Users\DucNam\.m2\repository\org\hibernate\common\hibernate-commons-annotations\6.0.6.Final\hibernate-commons-annotations-6.0.6.Final.jar;C:\Users\DucNam\.m2\repository\io\smallrye\jandex\3.1.2\jandex-3.1.2.jar;C:\Users\DucNam\.m2\repository\com\fasterxml\classmate\1.7.0\classmate-1.7.0.jar;C:\Users\DucNam\.m2\repository\net\bytebuddy\byte-buddy\1.14.19\byte-buddy-1.14.19.jar;C:\Users\DucNam\.m2\repository\org\glassfish\jaxb\jaxb-runtime\4.0.5\jaxb-runtime-4.0.5.jar;C:\Users\DucNam\.m2\repository\org\glassfish\jaxb\jaxb-core\4.0.5\jaxb-core-4.0.5.jar;C:\Users\DucNam\.m2\repository\org\glassfish\jaxb\txw2\4.0.5\txw2-4.0.5.jar;C:\Users\DucNam\.m2\repository\com\sun\istack\istack-commons-runtime\4.1.2\istack-commons-runtime-4.1.2.jar;C:\Users\DucNam\.m2\repository\jakarta\inject\jakarta.inject-api\2.0.1\jakarta.inject-api-2.0.1.jar;C:\Users\DucNam\.m2\repository\org\antlr\antlr4-runtime\4.13.0\antlr4-runtime-4.13.0.jar;C:\Users\DucNam\.m2\repository\org\springframework\data\spring-data-jpa\3.3.4\spring-data-jpa-3.3.4.jar;C:\Users\DucNam\.m2\repository\org\springframework\data\spring-data-commons\3.3.4\spring-data-commons-3.3.4.jar;C:\Users\DucNam\.m2\repository\org\springframework\spring-orm\6.1.13\spring-orm-6.1.13.jar;C:\Users\DucNam\.m2\repository\org\springframework\spring-context\6.1.13\spring-context-6.1.13.jar;C:\Users\DucNam\.m2\repository\org\springframework\spring-tx\6.1.13\spring-tx-6.1.13.jar;C:\Users\DucNam\.m2\repository\org\springframework\spring-beans\6.1.13\spring-beans-6.1.13.jar;C:\Users\DucNam\.m2\repository\jakarta\annotation\jakarta.annotation-api\2.1.1\jakarta.annotation-api-2.1.1.jar;C:\Users\DucNam\.m2\repository\org\springframework\spring-aspects\6.1.13\spring-aspects-6.1.13.jar;C:\Users\DucNam\.m2\repository\org\springframework\boot\spring-boot-starter-thymeleaf\3.3.4\spring-boot-starter-thymeleaf-3.3.4.jar;C:\Users\DucNam\.m2\repository\org\springframework\boot\spring-boot-starter\3.3.4\spring-boot-starter-3.3.4.jar;C:\Users\DucNam\.m2\repository\org\springframework\boot\spring-boot-starter-logging\3.3.4\spring-boot-starter-logging-3.3.4.jar;C:\Users\DucNam\.m2\repository\ch\qos\logback\logback-classic\1.5.8\logback-classic-1.5.8.jar;C:\Users\DucNam\.m2\repository\ch\qos\logback\logback-core\1.5.8\logback-core-1.5.8.jar;C:\Users\DucNam\.m2\repository\org\apache\logging\log4j\log4j-to-slf4j\2.23.1\log4j-to-slf4j-2.23.1.jar;C:\Users\DucNam\.m2\repository\org\apache\logging\log4j\log4j-api\2.23.1\log4j-api-2.23.1.jar;C:\Users\DucNam\.m2\repository\org\slf4j\jul-to-slf4j\2.0.16\jul-to-slf4j-2.0.16.jar;C:\Users\DucNam\.m2\repository\org\yaml\snakeyaml\2.2\snakeyaml-2.2.jar;C:\Users\DucNam\.m2\repository\org\thymeleaf\thymeleaf-spring6\3.1.2.RELEASE\thymeleaf-spring6-3.1.2.RELEASE.jar;C:\Users\DucNam\.m2\repository\org\springframework\boot\spring-boot-starter-validation\3.3.4\spring-boot-starter-validation-3.3.4.jar;C:\Users\DucNam\.m2\repository\org\apache\tomcat\embed\tomcat-embed-el\10.1.30\tomcat-embed-el-10.1.30.jar;C:\Users\DucNam\.m2\repository\org\hibernate\validator\hibernate-validator\8.0.1.Final\hibernate-validator-8.0.1.Final.jar;C:\Users\DucNam\.m2\repository\jakarta\validation\jakarta.validation-api\3.0.2\jakarta.validation-api-3.0.2.jar;C:\Users\DucNam\.m2\repository\org\springframework\boot\spring-boot-starter-web\3.3.4\spring-boot-starter-web-3.3.4.jar;C:\Users\DucNam\.m2\repository\org\springframework\boot\spring-boot-starter-json\3.3.4\spring-boot-starter-json-3.3.4.jar;C:\Users\DucNam\.m2\repository\com\fasterxml\jackson\core\jackson-databind\2.17.2\jackson-databind-2.17.2.jar;C:\Users\DucNam\.m2\repository\com\fasterxml\jackson\core\jackson-annotations\2.17.2\jackson-annotations-2.17.2.jar;C:\Users\DucNam\.m2\repository\com\fasterxml\jackson\datatype\jackson-datatype-jdk8\2.17.2\jackson-datatype-jdk8-2.17.2.jar;C:\Users\DucNam\.m2\repository\com\fasterxml\jackson\datatype\jackson-datatype-jsr310\2.17.2\jackson-datatype-jsr310-2.17.2.jar;C:\Users\DucNam\.m2\repository\com\fasterxml\jackson\module\jackson-module-parameter-names\2.17.2\jackson-module-parameter-names-2.17.2.jar;C:\Users\DucNam\.m2\repository\org\springframework\boot\spring-boot-starter-tomcat\3.3.4\spring-boot-starter-tomcat-3.3.4.jar;C:\Users\DucNam\.m2\repository\org\apache\tomcat\embed\tomcat-embed-core\10.1.30\tomcat-embed-core-10.1.30.jar;C:\Users\DucNam\.m2\repository\org\apache\tomcat\embed\tomcat-embed-websocket\10.1.30\tomcat-embed-websocket-10.1.30.jar;C:\Users\DucNam\.m2\repository\org\springframework\spring-web\6.1.13\spring-web-6.1.13.jar;C:\Users\DucNam\.m2\repository\io\micrometer\micrometer-observation\1.13.4\micrometer-observation-1.13.4.jar;C:\Users\DucNam\.m2\repository\io\micrometer\micrometer-commons\1.13.4\micrometer-commons-1.13.4.jar;C:\Users\DucNam\.m2\repository\org\springframework\spring-webmvc\6.1.13\spring-webmvc-6.1.13.jar;C:\Users\DucNam\.m2\repository\org\springframework\spring-expression\6.1.13\spring-expression-6.1.13.jar;C:\Users\DucNam\.m2\repository\org\springframework\boot\spring-boot-starter-web-services\3.3.4\spring-boot-starter-web-services-3.3.4.jar;C:\Users\DucNam\.m2\repository\com\sun\xml\messaging\saaj\saaj-impl\3.0.4\saaj-impl-3.0.4.jar;C:\Users\DucNam\.m2\repository\jakarta\xml\soap\jakarta.xml.soap-api\3.0.2\jakarta.xml.soap-api-3.0.2.jar;C:\Users\DucNam\.m2\repository\org\jvnet\staxex\stax-ex\2.1.0\stax-ex-2.1.0.jar;C:\Users\DucNam\.m2\repository\jakarta\activation\jakarta.activation-api\2.1.3\jakarta.activation-api-2.1.3.jar;C:\Users\DucNam\.m2\repository\org\eclipse\angus\angus-activation\2.0.2\angus-activation-2.0.2.jar;C:\Users\DucNam\.m2\repository\jakarta\xml\ws\jakarta.xml.ws-api\4.0.2\jakarta.xml.ws-api-4.0.2.jar;C:\Users\DucNam\.m2\repository\org\springframework\spring-oxm\6.1.13\spring-oxm-6.1.13.jar;C:\Users\DucNam\.m2\repository\org\springframework\ws\spring-ws-core\4.0.11\spring-ws-core-4.0.11.jar;C:\Users\DucNam\.m2\repository\org\springframework\ws\spring-xml\4.0.11\spring-xml-4.0.11.jar;C:\Users\DucNam\.m2\repository\org\thymeleaf\extras\thymeleaf-extras-springsecurity6\3.1.2.RELEASE\thymeleaf-extras-springsecurity6-3.1.2.RELEASE.jar;C:\Users\DucNam\.m2\repository\org\slf4j\slf4j-api\2.0.16\slf4j-api-2.0.16.jar;C:\Users\DucNam\.m2\repository\org\springframework\boot\spring-boot-devtools\3.3.4\spring-boot-devtools-3.3.4.jar;C:\Users\DucNam\.m2\repository\org\springframework\boot\spring-boot\3.3.4\spring-boot-3.3.4.jar;C:\Users\DucNam\.m2\repository\org\springframework\boot\spring-boot-autoconfigure\3.3.4\spring-boot-autoconfigure-3.3.4.jar;C:\Users\DucNam\.m2\repository\com\mysql\mysql-connector-j\8.3.0\mysql-connector-j-8.3.0.jar;C:\Users\DucNam\.m2\repository\org\projectlombok\lombok\1.18.34\lombok-1.18.34.jar;C:\Users\DucNam\.m2\repository\jakarta\xml\bind\jakarta.xml.bind-api\4.0.2\jakarta.xml.bind-api-4.0.2.jar;C:\Users\DucNam\.m2\repository\org\springframework\spring-core\6.1.13\spring-core-6.1.13.jar;C:\Users\DucNam\.m2\repository\org\springframework\spring-jcl\6.1.13\spring-jcl-6.1.13.jar;C:\Users\DucNam\.m2\repository\com\google\firebase\firebase-admin\9.3.0\firebase-admin-9.3.0.jar;C:\Users\DucNam\.m2\repository\com\google\api-client\google-api-client\2.7.0\google-api-client-2.7.0.jar;C:\Users\DucNam\.m2\repository\org\apache\httpcomponents\httpcore\4.4.16\httpcore-4.4.16.jar;C:\Users\DucNam\.m2\repository\org\apache\httpcomponents\httpclient\4.5.14\httpclient-4.5.14.jar;C:\Users\DucNam\.m2\repository\com\google\api-client\google-api-client-gson\2.7.0\google-api-client-gson-2.7.0.jar;C:\Users\DucNam\.m2\repository\com\google\http-client\google-http-client\1.45.0\google-http-client-1.45.0.jar;C:\Users\DucNam\.m2\repository\com\google\api\api-common\2.36.0\api-common-2.36.0.jar;C:\Users\DucNam\.m2\repository\com\google\auth\google-auth-library-oauth2-http\1.25.0\google-auth-library-oauth2-http-1.25.0.jar;C:\Users\DucNam\.m2\repository\com\google\cloud\google-cloud-firestore\3.26.3\google-cloud-firestore-3.26.3.jar;C:\Users\DucNam\.m2\repository\com\google\api\grpc\proto-google-cloud-firestore-v1\3.26.3\proto-google-cloud-firestore-v1-3.26.3.jar;C:\Users\DucNam\.m2\repository\com\google\cloud\proto-google-cloud-firestore-bundle-v1\3.26.3\proto-google-cloud-firestore-bundle-v1-3.26.3.jar;C:\Users\DucNam\.m2\repository\io\opentelemetry\instrumentation\opentelemetry-grpc-1.6\2.1.0-alpha\opentelemetry-grpc-1.6-2.1.0-alpha.jar;C:\Users\DucNam\.m2\repository\io\opentelemetry\instrumentation\opentelemetry-instrumentation-api\2.1.0\opentelemetry-instrumentation-api-2.1.0.jar;C:\Users\DucNam\.m2\repository\io\opentelemetry\opentelemetry-extension-incubator\1.35.0-alpha\opentelemetry-extension-incubator-1.35.0-alpha.jar;C:\Users\DucNam\.m2\repository\io\opentelemetry\instrumentation\opentelemetry-instrumentation-api-incubator\2.1.0-alpha\opentelemetry-instrumentation-api-incubator-2.1.0-alpha.jar;C:\Users\DucNam\.m2\repository\com\google\guava\guava\33.3.0-jre\guava-33.3.0-jre.jar;C:\Users\DucNam\.m2\repository\io\netty\netty-codec-http\4.1.113.Final\netty-codec-http-4.1.113.Final.jar;C:\Users\DucNam\.m2\repository\io\netty\netty-common\4.1.113.Final\netty-common-4.1.113.Final.jar;C:\Users\DucNam\.m2\repository\io\netty\netty-buffer\4.1.113.Final\netty-buffer-4.1.113.Final.jar;C:\Users\DucNam\.m2\repository\io\netty\netty-codec\4.1.113.Final\netty-codec-4.1.113.Final.jar;C:\Users\DucNam\.m2\repository\io\netty\netty-handler\4.1.113.Final\netty-handler-4.1.113.Final.jar;C:\Users\DucNam\.m2\repository\io\netty\netty-resolver\4.1.113.Final\netty-resolver-4.1.113.Final.jar;C:\Users\DucNam\.m2\repository\io\netty\netty-transport-native-unix-common\4.1.113.Final\netty-transport-native-unix-common-4.1.113.Final.jar;C:\Users\DucNam\.m2\repository\io\netty\netty-transport\4.1.113.Final\netty-transport-4.1.113.Final.jar;C:\Users\DucNam\.m2\repository\com\google\cloud\google-cloud-storage\2.43.1\google-cloud-storage-2.43.1.jar;C:\Users\DucNam\.m2\repository\com\google\guava\failureaccess\1.0.2\failureaccess-1.0.2.jar;C:\Users\DucNam\.m2\repository\com\google\guava\listenablefuture\9999.0-empty-to-avoid-conflict-with-guava\listenablefuture-9999.0-empty-to-avoid-conflict-with-guava.jar;C:\Users\DucNam\.m2\repository\com\google\errorprone\error_prone_annotations\2.32.0\error_prone_annotations-2.32.0.jar;C:\Users\DucNam\.m2\repository\com\google\j2objc\j2objc-annotations\3.0.0\j2objc-annotations-3.0.0.jar;C:\Users\DucNam\.m2\repository\io\grpc\grpc-context\1.66.0\grpc-context-1.66.0.jar;C:\Users\DucNam\.m2\repository\io\opencensus\opencensus-contrib-http-util\0.31.1\opencensus-contrib-http-util-0.31.1.jar;C:\Users\DucNam\.m2\repository\com\google\http-client\google-http-client-jackson2\1.45.0\google-http-client-jackson2-1.45.0.jar;C:\Users\DucNam\.m2\repository\com\google\http-client\google-http-client-gson\1.45.0\google-http-client-gson-1.45.0.jar;C:\Users\DucNam\.m2\repository\commons-codec\commons-codec\1.16.1\commons-codec-1.16.1.jar;C:\Users\DucNam\.m2\repository\com\google\oauth-client\google-oauth-client\1.36.0\google-oauth-client-1.36.0.jar;C:\Users\DucNam\.m2\repository\com\google\http-client\google-http-client-apache-v2\1.45.0\google-http-client-apache-v2-1.45.0.jar;C:\Users\DucNam\.m2\repository\com\google\apis\google-api-services-storage\v1-rev20240819-2.0.0\google-api-services-storage-v1-rev20240819-2.0.0.jar;C:\Users\DucNam\.m2\repository\com\google\code\gson\gson\2.10.1\gson-2.10.1.jar;C:\Users\DucNam\.m2\repository\com\google\cloud\google-cloud-core\2.43.0\google-cloud-core-2.43.0.jar;C:\Users\DucNam\.m2\repository\com\google\auto\value\auto-value-annotations\1.11.0\auto-value-annotations-1.11.0.jar;C:\Users\DucNam\.m2\repository\com\google\cloud\google-cloud-core-http\2.43.0\google-cloud-core-http-2.43.0.jar;C:\Users\DucNam\.m2\repository\com\google\http-client\google-http-client-appengine\1.45.0\google-http-client-appengine-1.45.0.jar;C:\Users\DucNam\.m2\repository\com\google\api\gax-httpjson\2.53.0\gax-httpjson-2.53.0.jar;C:\Users\DucNam\.m2\repository\com\google\cloud\google-cloud-core-grpc\2.43.0\google-cloud-core-grpc-2.43.0.jar;C:\Users\DucNam\.m2\repository\com\google\api\gax\2.53.0\gax-2.53.0.jar;C:\Users\DucNam\.m2\repository\com\google\api\gax-grpc\2.53.0\gax-grpc-2.53.0.jar;C:\Users\DucNam\.m2\repository\io\grpc\grpc-inprocess\1.66.0\grpc-inprocess-1.66.0.jar;C:\Users\DucNam\.m2\repository\io\grpc\grpc-alts\1.66.0\grpc-alts-1.66.0.jar;C:\Users\DucNam\.m2\repository\io\grpc\grpc-grpclb\1.66.0\grpc-grpclb-1.66.0.jar;C:\Users\DucNam\.m2\repository\org\conscrypt\conscrypt-openjdk-uber\2.5.2\conscrypt-openjdk-uber-2.5.2.jar;C:\Users\DucNam\.m2\repository\io\grpc\grpc-auth\1.66.0\grpc-auth-1.66.0.jar;C:\Users\DucNam\.m2\repository\com\google\auth\google-auth-library-credentials\1.25.0\google-auth-library-credentials-1.25.0.jar;C:\Users\DucNam\.m2\repository\javax\annotation\javax.annotation-api\1.3.2\javax.annotation-api-1.3.2.jar;C:\Users\DucNam\.m2\repository\io\opencensus\opencensus-api\0.31.1\opencensus-api-0.31.1.jar;C:\Users\DucNam\.m2\repository\com\google\api\grpc\proto-google-iam-v1\1.39.0\proto-google-iam-v1-1.39.0.jar;C:\Users\DucNam\.m2\repository\com\google\protobuf\protobuf-java\3.25.4\protobuf-java-3.25.4.jar;C:\Users\DucNam\.m2\repository\com\google\protobuf\protobuf-java-util\3.25.4\protobuf-java-util-3.25.4.jar;C:\Users\DucNam\.m2\repository\io\grpc\grpc-core\1.66.0\grpc-core-1.66.0.jar;C:\Users\DucNam\.m2\repository\com\google\android\annotations\4.1.1.4\annotations-4.1.1.4.jar;C:\Users\DucNam\.m2\repository\org\codehaus\mojo\animal-sniffer-annotations\1.24\animal-sniffer-annotations-1.24.jar;C:\Users\DucNam\.m2\repository\io\perfmark\perfmark-api\0.27.0\perfmark-api-0.27.0.jar;C:\Users\DucNam\.m2\repository\io\grpc\grpc-protobuf\1.66.0\grpc-protobuf-1.66.0.jar;C:\Users\DucNam\.m2\repository\io\grpc\grpc-protobuf-lite\1.66.0\grpc-protobuf-lite-1.66.0.jar;C:\Users\DucNam\.m2\repository\com\google\api\grpc\proto-google-common-protos\2.44.0\proto-google-common-protos-2.44.0.jar;C:\Users\DucNam\.m2\repository\org\threeten\threetenbp\1.7.0\threetenbp-1.7.0.jar;C:\Users\DucNam\.m2\repository\com\google\api\grpc\proto-google-cloud-storage-v2\2.43.0-beta\proto-google-cloud-storage-v2-2.43.0-beta.jar;C:\Users\DucNam\.m2\repository\com\google\api\grpc\grpc-google-cloud-storage-v2\2.43.0-beta\grpc-google-cloud-storage-v2-2.43.0-beta.jar;C:\Users\DucNam\.m2\repository\com\google\api\grpc\gapic-google-cloud-storage-v2\2.43.0-beta\gapic-google-cloud-storage-v2-2.43.0-beta.jar;C:\Users\DucNam\.m2\repository\io\opentelemetry\opentelemetry-sdk\1.37.0\opentelemetry-sdk-1.37.0.jar;C:\Users\DucNam\.m2\repository\io\opentelemetry\opentelemetry-sdk-trace\1.37.0\opentelemetry-sdk-trace-1.37.0.jar;C:\Users\DucNam\.m2\repository\io\opentelemetry\opentelemetry-sdk-logs\1.37.0\opentelemetry-sdk-logs-1.37.0.jar;C:\Users\DucNam\.m2\repository\io\grpc\grpc-opentelemetry\1.66.0\grpc-opentelemetry-1.66.0.jar;C:\Users\DucNam\.m2\repository\io\opentelemetry\opentelemetry-api\1.41.0\opentelemetry-api-1.41.0.jar;C:\Users\DucNam\.m2\repository\io\opentelemetry\opentelemetry-context\1.37.0\opentelemetry-context-1.37.0.jar;C:\Users\DucNam\.m2\repository\io\opentelemetry\opentelemetry-sdk-metrics\1.37.0\opentelemetry-sdk-metrics-1.37.0.jar;C:\Users\DucNam\.m2\repository\io\opentelemetry\opentelemetry-api-incubator\1.42.1-alpha\opentelemetry-api-incubator-1.42.1-alpha.jar;C:\Users\DucNam\.m2\repository\io\opentelemetry\opentelemetry-sdk-common\1.37.0\opentelemetry-sdk-common-1.37.0.jar;C:\Users\DucNam\.m2\repository\io\opentelemetry\opentelemetry-sdk-extension-autoconfigure-spi\1.37.0\opentelemetry-sdk-extension-autoconfigure-spi-1.37.0.jar;C:\Users\DucNam\.m2\repository\io\opentelemetry\semconv\opentelemetry-semconv\1.25.0-alpha\opentelemetry-semconv-1.25.0-alpha.jar;C:\Users\DucNam\.m2\repository\com\google\cloud\opentelemetry\exporter-metrics\0.31.0\exporter-metrics-0.31.0.jar;C:\Users\DucNam\.m2\repository\com\google\cloud\google-cloud-monitoring\3.50.0\google-cloud-monitoring-3.50.0.jar;C:\Users\DucNam\.m2\repository\com\google\api\grpc\proto-google-cloud-monitoring-v3\3.50.0\proto-google-cloud-monitoring-v3-3.50.0.jar;C:\Users\DucNam\.m2\repository\io\opencensus\opencensus-proto\0.2.0\opencensus-proto-0.2.0.jar;C:\Users\DucNam\.m2\repository\commons-logging\commons-logging\1.2\commons-logging-1.2.jar;C:\Users\DucNam\.m2\repository\com\google\cloud\opentelemetry\shared-resourcemapping\0.32.0\shared-resourcemapping-0.32.0.jar;C:\Users\DucNam\.m2\repository\io\opentelemetry\contrib\opentelemetry-gcp-resources\1.37.0-alpha\opentelemetry-gcp-resources-1.37.0-alpha.jar;C:\Users\DucNam\.m2\repository\com\google\cloud\opentelemetry\detector-resources-support\0.32.0\detector-resources-support-0.32.0.jar;C:\Users\DucNam\.m2\repository\org\checkerframework\checker-qual\3.47.0\checker-qual-3.47.0.jar;C:\Users\DucNam\.m2\repository\com\fasterxml\jackson\core\jackson-core\2.17.2\jackson-core-2.17.2.jar;C:\Users\DucNam\.m2\repository\com\google\code\findbugs\jsr305\3.0.2\jsr305-3.0.2.jar;C:\Users\DucNam\.m2\repository\io\grpc\grpc-api\1.66.0\grpc-api-1.66.0.jar;C:\Users\DucNam\.m2\repository\io\grpc\grpc-netty-shaded\1.66.0\grpc-netty-shaded-1.66.0.jar;C:\Users\DucNam\.m2\repository\io\grpc\grpc-util\1.66.0\grpc-util-1.66.0.jar;C:\Users\DucNam\.m2\repository\io\grpc\grpc-stub\1.66.0\grpc-stub-1.66.0.jar;C:\Users\DucNam\.m2\repository\io\grpc\grpc-googleapis\1.66.0\grpc-googleapis-1.66.0.jar;C:\Users\DucNam\.m2\repository\io\grpc\grpc-xds\1.66.0\grpc-xds-1.66.0.jar;C:\Users\DucNam\.m2\repository\io\grpc\grpc-services\1.66.0\grpc-services-1.66.0.jar;C:\Users\DucNam\.m2\repository\com\google\re2j\re2j\1.7\re2j-1.7.jar;C:\Users\DucNam\.m2\repository\io\grpc\grpc-rls\1.66.0\grpc-rls-1.66.0.jar;C:\Users\DucNam\.m2\repository\org\webjars\bootstrap\5.3.2\bootstrap-5.3.2.jar;C:\Users\DucNam\.m2\repository\org\webjars\jquery\3.5.1\jquery-3.5.1.jar;C:\Users\DucNam\.m2\repository\nz\net\ultraq\thymeleaf\thymeleaf-layout-dialect\3.3.0\thymeleaf-layout-dialect-3.3.0.jar;C:\Users\DucNam\.m2\repository\org\apache\groovy\groovy\4.0.23\groovy-4.0.23.jar;C:\Users\DucNam\.m2\repository\nz\net\ultraq\groovy\groovy-extensions\2.1.0\groovy-extensions-2.1.0.jar;C:\Users\DucNam\.m2\repository\nz\net\ultraq\thymeleaf\thymeleaf-expression-processor\3.2.0\thymeleaf-expression-processor-3.2.0.jar;C:\Users\DucNam\.m2\repository\org\thymeleaf\thymeleaf\3.1.2.RELEASE\thymeleaf-3.1.2.RELEASE.jar;C:\Users\DucNam\.m2\repository\ognl\ognl\3.3.4\ognl-3.3.4.jar;C:\Users\DucNam\.m2\repository\org\javassist\javassist\3.29.0-GA\javassist-3.29.0-GA.jar;C:\Users\DucNam\.m2\repository\org\attoparser\attoparser\2.0.7.RELEASE\attoparser-2.0.7.RELEASE.jar;C:\Users\DucNam\.m2\repository\org\unbescape\unbescape\1.1.6.RELEASE\unbescape-1.1.6.RELEASE.jar;C:\Users\DucNam\AppData\Local\Programs\IntelliJ IDEA Ultimate\lib\idea_rt.jar
Launcher Type: SUN_STANDARD

[Global flags]
     intx CICompilerCount                          = 4                                         {product} {ergonomic}
     uint ConcGCThreads                            = 3                                         {product} {ergonomic}
     uint G1ConcRefinementThreads                  = 10                                        {product} {ergonomic}
   size_t G1HeapRegionSize                         = 2097152                                   {product} {ergonomic}
    uintx GCDrainStackTargetSize                   = 64                                        {product} {ergonomic}
   size_t InitialHeapSize                          = 266338304                                 {product} {ergonomic}
     bool ManagementServer                         = true                                      {product} {command line}
   size_t MarkStackSize                            = 4194304                                   {product} {ergonomic}
   size_t MaxHeapSize                              = 4234149888                                {product} {ergonomic}
   size_t MaxNewSize                               = 2539651072                                {product} {ergonomic}
   size_t MinHeapDeltaBytes                        = 2097152                                   {product} {ergonomic}
   size_t MinHeapSize                              = 8388608                                   {product} {ergonomic}
    uintx NonNMethodCodeHeapSize                   = 4096                                   {pd product} {ergonomic}
    uintx NonProfiledCodeHeapSize                  = 0                                      {pd product} {ergonomic}
     bool ProfileInterpreter                       = false                                  {pd product} {command line}
    uintx ProfiledCodeHeapSize                     = 0                                      {pd product} {ergonomic}
   size_t SoftMaxHeapSize                          = 4234149888                             {manageable} {ergonomic}
     intx TieredStopAtLevel                        = 1                                         {product} {command line}
     bool UseCompressedOops                        = true                           {product lp64_product} {ergonomic}
     bool UseG1GC                                  = true                                      {product} {ergonomic}
     bool UseLargePagesIndividualAllocation        = false                                  {pd product} {ergonomic}

Logging:
Log output configuration:
 #0: stdout all=warning uptime,level,tags foldmultilines=false
 #1: stderr all=off uptime,level,tags foldmultilines=false

Environment Variables:
JAVA_HOME=C:\Program Files\Microsoft\jdk-21.0.2.13-hotspot\
PATH=C:\Program Files\Microsoft MPI\Bin\;C:\Program Files (x86)\VMware\VMware Workstation\bin\;C:\Python312\Scripts\;C:\Python312\;C:\Program Files\Microsoft\jdk-21.0.2.13-hotspot\bin;C:\Windows\system32;C:\Windows;C:\Windows\System32\Wbem;C:\Windows\System32\WindowsPowerShell\v1.0\;C:\Windows\System32\OpenSSH\;C:\Program Files\Microsoft VS Code\bin;C:\Program Files (x86)\NVIDIA Corporation\PhysX\Common;C:\Program Files\nodejs\;C:\ProgramData\chocolatey\bin;C:\laragon\bin\php\php-8.1.10-Win32-vs16-x64;C:\ProgramData\ComposerSetup\bin;C:\Program Files\Git\cmd;D:\MinGW\bin;D:\Application\Programs\mongosh-2.2.12-win32-x64\bin;C:\Program Files (x86)\Microsoft SQL Server\160\Tools\Binn\;C:\Program Files\Microsoft SQL Server\160\Tools\Binn\;C:\Program Files\Microsoft SQL Server\Client SDK\ODBC\170\Tools\Binn\;C:\Program Files\Microsoft SQL Server\160\DTS\Binn\;C:\Program Files (x86)\Microsoft SQL Server\160\DTS\Binn\;C:\Program Files\Cloudflare\Cloudflare WARP\;C:\Users\DucNam\AppData\Local\Programs\Python\Python312\Scripts\;C:\Users\DucNam\AppData\Local\Programs\Python\Python312\;C:\Users\DucNam\AppData\Local\Programs\Python\Launcher\;C:\Users\DucNam\AppData\Local\Microsoft\WindowsApps;C:\Program Files\JetBrains\IntelliJ IDEA Community Edition 2023.3.4\bin;C:\Users\DucNam\AppData\Roaming\npm;C:\Users\DucNam\AppData\Local\Programs\oh-my-posh\bin;C:\Users\DucNam\AppData\Local\GitHubDesktop\bin;D:\MinGW\bin;D:\XAMPP\php;C:\Users\DucNam\AppData\Local\ComposerSetup\bin;C:\Users\DucNam\AppData\Roaming\Composer\vendor\bin;C:\Users\DucNam\AppData\Local\JetBrains\Toolbox\scripts;;D:\Azure Data Studio\bin
USERNAME=Duc Nam
OS=Windows_NT
PROCESSOR_IDENTIFIER=Intel64 Family 6 Model 141 Stepping 1, GenuineIntel
TMP=C:\Users\DucNam\AppData\Local\Temp
TEMP=C:\Users\DucNam\AppData\Local\Temp




Periodic native trim disabled

---------------  S Y S T E M  ---------------

OS:
 Windows 10 , 64 bit Build 19041 (10.0.19041.4957)
OS uptime: 0 days 8:08 hours
Hyper-V role detected

CPU: total 12 (initial active 12) (6 cores per cpu, 2 threads per core) family 6 model 141 stepping 1 microcode 0x3c, cx8, cmov, fxsr, ht, mmx, 3dnowpref, sse, sse2, sse3, ssse3, sse4.1, sse4.2, popcnt, lzcnt, tsc, tscinvbit, avx, avx2, aes, erms, clmul, bmi1, bmi2, adx, avx512f, avx512dq, avx512cd, avx512bw, avx512vl, sha, fma, vzeroupper, avx512_vpopcntdq, avx512_vpclmulqdq, avx512_vaes, avx512_vnni, clflush, clflushopt, clwb, avx512_vbmi2, avx512_vbmi, hv, rdtscp, rdpid, fsrm, gfni, avx512_bitalg, f16c, cet_ibt, cet_ss, avx512_ifma
Processor Information for all 12 processors :
  Max Mhz: 2688, Current Mhz: 2688, Mhz Limit: 2688

Memory: 4k page, system-wide physical 16147M (3597M free)
TotalPageFile size 29459M (AvailPageFile size 10939M)
current process WorkingSet (physical memory assigned to process): 343M, peak: 343M
current process commit charge ("private bytes"): 392M, peak: 393M

vm_info: OpenJDK 64-Bit Server VM (21.0.2+13-LTS) for windows-amd64 JRE (21.0.2+13-LTS), built on 2024-01-11T02:31:22Z by "MicrosoftCorporation" with MS VC++ 16.10 / 16.11 (VS2019)

END.
